
*** Running vivado
    with args -log top_level_smartconnect_0_0.vds -m64 -product Vivado -mode batch -messageDb vivado.pb -notrace -source top_level_smartconnect_0_0.tcl


****** Vivado v2024.2 (64-bit)
  **** SW Build 5239630 on Fri Nov 08 22:34:34 MST 2024
  **** IP Build 5239520 on Sun Nov 10 16:12:51 MST 2024
  **** SharedData Build 5239561 on Fri Nov 08 14:39:27 MST 2024
  **** Start of session at: Thu Apr 17 11:17:37 2025
    ** Copyright 1986-2022 Xilinx, Inc. All Rights Reserved.
    ** Copyright 2022-2024 Advanced Micro Devices, Inc. All Rights Reserved.

source top_level_smartconnect_0_0.tcl -notrace
create_project: Time (s): cpu = 00:00:06 ; elapsed = 00:00:06 . Memory (MB): peak = 1484.582 ; gain = 48.836 ; free physical = 94642 ; free virtual = 230451
INFO: [IP_Flow 19-6924] IPCACHE: Running cache check for IP inst: top_level_smartconnect_0_0
Command: synth_design -top top_level_smartconnect_0_0 -part xcu55c-fsvh2892-2L-e -incremental_mode off -mode out_of_context
Starting synth_design
Attempting to get a license for feature 'Synthesis' and/or device 'xcu55c'
INFO: [Common 17-349] Got license for feature 'Synthesis' and/or device 'xcu55c'
INFO: [Device 21-403] Loading part xcu55c-fsvh2892-2L-e
INFO: [Synth 8-7079] Multithreading enabled for synth_design using a maximum of 7 processes.
INFO: [Synth 8-7078] Launching helper process for spawning children vivado processes
INFO: [Synth 8-7075] Helper process launched with PID 1181625
---------------------------------------------------------------------------------
Starting RTL Elaboration : Time (s): cpu = 00:00:05 ; elapsed = 00:00:05 . Memory (MB): peak = 3158.031 ; gain = 267.859 ; free physical = 87542 ; free virtual = 223352
---------------------------------------------------------------------------------
INFO: [Synth 8-6157] synthesizing module 'top_level_smartconnect_0_0' [/home/wolf/fpga/u55c_pcie_template/project.gen/sources_1/bd/top_level/ip/top_level_smartconnect_0_0/synth/top_level_smartconnect_0_0.v:53]
INFO: [Synth 8-6157] synthesizing module 'bd_f519' [/home/wolf/fpga/u55c_pcie_template/project.gen/sources_1/bd/top_level/ip/top_level_smartconnect_0_0/bd_0/synth/bd_f519.v:10]
INFO: [Synth 8-6157] synthesizing module 'clk_map_imp_13EMVZ8' [/home/wolf/fpga/u55c_pcie_template/project.gen/sources_1/bd/top_level/ip/top_level_smartconnect_0_0/bd_0/synth/bd_f519.v:656]
INFO: [Synth 8-6157] synthesizing module 'bd_f519_one_0' [/home/wolf/fpga/u55c_pcie_template/project.gen/sources_1/bd/top_level/ip/top_level_smartconnect_0_0/bd_0/ip/ip_0/synth/bd_f519_one_0.v:53]
INFO: [Synth 8-6157] synthesizing module 'xlconstant_v1_1_9_xlconstant' [/home/wolf/fpga/u55c_pcie_template/project.gen/sources_1/bd/top_level/ipshared/e2d2/hdl/xlconstant_v1_1_vl_rfs.v:68]
INFO: [Synth 8-6155] done synthesizing module 'xlconstant_v1_1_9_xlconstant' (0#1) [/home/wolf/fpga/u55c_pcie_template/project.gen/sources_1/bd/top_level/ipshared/e2d2/hdl/xlconstant_v1_1_vl_rfs.v:68]
INFO: [Synth 8-6155] done synthesizing module 'bd_f519_one_0' (0#1) [/home/wolf/fpga/u55c_pcie_template/project.gen/sources_1/bd/top_level/ip/top_level_smartconnect_0_0/bd_0/ip/ip_0/synth/bd_f519_one_0.v:53]
INFO: [Synth 8-638] synthesizing module 'bd_f519_psr_aclk_0' [/home/wolf/fpga/u55c_pcie_template/project.gen/sources_1/bd/top_level/ip/top_level_smartconnect_0_0/bd_0/ip/ip_1/synth/bd_f519_psr_aclk_0.vhd:74]
	Parameter C_FAMILY bound to: virtexuplusHBM - type: string 
	Parameter C_EXT_RST_WIDTH bound to: 4 - type: integer 
	Parameter C_AUX_RST_WIDTH bound to: 1 - type: integer 
	Parameter C_EXT_RESET_HIGH bound to: 1'b0 
	Parameter C_AUX_RESET_HIGH bound to: 1'b0 
	Parameter C_NUM_BUS_RST bound to: 1 - type: integer 
	Parameter C_NUM_PERP_RST bound to: 1 - type: integer 
	Parameter C_NUM_INTERCONNECT_ARESETN bound to: 1 - type: integer 
	Parameter C_NUM_PERP_ARESETN bound to: 1 - type: integer 
INFO: [Synth 8-3491] module 'proc_sys_reset' declared at '/home/wolf/fpga/u55c_pcie_template/project.gen/sources_1/bd/top_level/ipshared/0831/hdl/proc_sys_reset_v5_0_vh_rfs.vhd:1271' bound to instance 'U0' of component 'proc_sys_reset' [/home/wolf/fpga/u55c_pcie_template/project.gen/sources_1/bd/top_level/ip/top_level_smartconnect_0_0/bd_0/ip/ip_1/synth/bd_f519_psr_aclk_0.vhd:139]
INFO: [Synth 8-638] synthesizing module 'proc_sys_reset' [/home/wolf/fpga/u55c_pcie_template/project.gen/sources_1/bd/top_level/ipshared/0831/hdl/proc_sys_reset_v5_0_vh_rfs.vhd:1330]
	Parameter INIT bound to: 1'b1 
INFO: [Synth 8-113] binding component instance 'FDRE_inst' to cell 'FDRE' [/home/wolf/fpga/u55c_pcie_template/project.gen/sources_1/bd/top_level/ipshared/0831/hdl/proc_sys_reset_v5_0_vh_rfs.vhd:1399]
	Parameter INIT bound to: 1'b1 
INFO: [Synth 8-113] binding component instance 'FDRE_BSR' to cell 'FDRE' [/home/wolf/fpga/u55c_pcie_template/project.gen/sources_1/bd/top_level/ipshared/0831/hdl/proc_sys_reset_v5_0_vh_rfs.vhd:1415]
	Parameter INIT bound to: 1'b0 
INFO: [Synth 8-113] binding component instance 'FDRE_BSR_N' to cell 'FDRE' [/home/wolf/fpga/u55c_pcie_template/project.gen/sources_1/bd/top_level/ipshared/0831/hdl/proc_sys_reset_v5_0_vh_rfs.vhd:1441]
	Parameter INIT bound to: 1'b1 
INFO: [Synth 8-113] binding component instance 'FDRE_PER' to cell 'FDRE' [/home/wolf/fpga/u55c_pcie_template/project.gen/sources_1/bd/top_level/ipshared/0831/hdl/proc_sys_reset_v5_0_vh_rfs.vhd:1464]
	Parameter INIT bound to: 1'b0 
INFO: [Synth 8-113] binding component instance 'FDRE_PER_N' to cell 'FDRE' [/home/wolf/fpga/u55c_pcie_template/project.gen/sources_1/bd/top_level/ipshared/0831/hdl/proc_sys_reset_v5_0_vh_rfs.vhd:1488]
INFO: [Synth 8-638] synthesizing module 'lpf' [/home/wolf/fpga/u55c_pcie_template/project.gen/sources_1/bd/top_level/ipshared/0831/hdl/proc_sys_reset_v5_0_vh_rfs.vhd:821]
INFO: [Synth 8-3491] module 'SRL16' declared at '/opt/Xilinx/Vivado/2024.2/scripts/rt/data/unisim_comp.v:149029' bound to instance 'POR_SRL_I' of component 'SRL16' [/home/wolf/fpga/u55c_pcie_template/project.gen/sources_1/bd/top_level/ipshared/0831/hdl/proc_sys_reset_v5_0_vh_rfs.vhd:873]
INFO: [Synth 8-6157] synthesizing module 'SRL16' [/opt/Xilinx/Vivado/2024.2/scripts/rt/data/unisim_comp.v:149029]
INFO: [Synth 8-6155] done synthesizing module 'SRL16' (0#1) [/opt/Xilinx/Vivado/2024.2/scripts/rt/data/unisim_comp.v:149029]
INFO: [Synth 8-638] synthesizing module 'cdc_sync' [/home/wolf/fpga/u55c_pcie_template/project.gen/sources_1/bd/top_level/ipshared/2a4f/hdl/lib_cdc_v1_0_rfs.vhd:106]
	Parameter INIT bound to: 1'b0 
INFO: [Synth 8-113] binding component instance 'CROSS_PLEVEL_IN2SCNDRY_IN_cdc_to' to cell 'FDR' [/home/wolf/fpga/u55c_pcie_template/project.gen/sources_1/bd/top_level/ipshared/2a4f/hdl/lib_cdc_v1_0_rfs.vhd:514]
	Parameter INIT bound to: 1'b0 
INFO: [Synth 8-113] binding component instance 'CROSS_PLEVEL_IN2SCNDRY_s_level_out_d2' to cell 'FDR' [/home/wolf/fpga/u55c_pcie_template/project.gen/sources_1/bd/top_level/ipshared/2a4f/hdl/lib_cdc_v1_0_rfs.vhd:545]
	Parameter INIT bound to: 1'b0 
INFO: [Synth 8-113] binding component instance 'CROSS_PLEVEL_IN2SCNDRY_s_level_out_d3' to cell 'FDR' [/home/wolf/fpga/u55c_pcie_template/project.gen/sources_1/bd/top_level/ipshared/2a4f/hdl/lib_cdc_v1_0_rfs.vhd:554]
	Parameter INIT bound to: 1'b0 
INFO: [Synth 8-113] binding component instance 'CROSS_PLEVEL_IN2SCNDRY_s_level_out_d4' to cell 'FDR' [/home/wolf/fpga/u55c_pcie_template/project.gen/sources_1/bd/top_level/ipshared/2a4f/hdl/lib_cdc_v1_0_rfs.vhd:564]
	Parameter INIT bound to: 1'b0 
INFO: [Synth 8-113] binding component instance 'CROSS_PLEVEL_IN2SCNDRY_s_level_out_d5' to cell 'FDR' [/home/wolf/fpga/u55c_pcie_template/project.gen/sources_1/bd/top_level/ipshared/2a4f/hdl/lib_cdc_v1_0_rfs.vhd:574]
	Parameter INIT bound to: 1'b0 
INFO: [Synth 8-113] binding component instance 'CROSS_PLEVEL_IN2SCNDRY_s_level_out_d6' to cell 'FDR' [/home/wolf/fpga/u55c_pcie_template/project.gen/sources_1/bd/top_level/ipshared/2a4f/hdl/lib_cdc_v1_0_rfs.vhd:584]
INFO: [Synth 8-256] done synthesizing module 'cdc_sync' (0#1) [/home/wolf/fpga/u55c_pcie_template/project.gen/sources_1/bd/top_level/ipshared/2a4f/hdl/lib_cdc_v1_0_rfs.vhd:106]
INFO: [Synth 8-256] done synthesizing module 'lpf' (0#1) [/home/wolf/fpga/u55c_pcie_template/project.gen/sources_1/bd/top_level/ipshared/0831/hdl/proc_sys_reset_v5_0_vh_rfs.vhd:821]
INFO: [Synth 8-638] synthesizing module 'sequence_psr' [/home/wolf/fpga/u55c_pcie_template/project.gen/sources_1/bd/top_level/ipshared/0831/hdl/proc_sys_reset_v5_0_vh_rfs.vhd:304]
INFO: [Synth 8-638] synthesizing module 'upcnt_n' [/home/wolf/fpga/u55c_pcie_template/project.gen/sources_1/bd/top_level/ipshared/0831/hdl/proc_sys_reset_v5_0_vh_rfs.vhd:126]
INFO: [Synth 8-256] done synthesizing module 'upcnt_n' (0#1) [/home/wolf/fpga/u55c_pcie_template/project.gen/sources_1/bd/top_level/ipshared/0831/hdl/proc_sys_reset_v5_0_vh_rfs.vhd:126]
INFO: [Synth 8-256] done synthesizing module 'sequence_psr' (0#1) [/home/wolf/fpga/u55c_pcie_template/project.gen/sources_1/bd/top_level/ipshared/0831/hdl/proc_sys_reset_v5_0_vh_rfs.vhd:304]
INFO: [Synth 8-256] done synthesizing module 'proc_sys_reset' (0#1) [/home/wolf/fpga/u55c_pcie_template/project.gen/sources_1/bd/top_level/ipshared/0831/hdl/proc_sys_reset_v5_0_vh_rfs.vhd:1330]
INFO: [Synth 8-256] done synthesizing module 'bd_f519_psr_aclk_0' (0#1) [/home/wolf/fpga/u55c_pcie_template/project.gen/sources_1/bd/top_level/ip/top_level_smartconnect_0_0/bd_0/ip/ip_1/synth/bd_f519_psr_aclk_0.vhd:74]
WARNING: [Synth 8-7023] instance 'psr_aclk' of module 'bd_f519_psr_aclk_0' has 10 connections declared, but only 6 given [/home/wolf/fpga/u55c_pcie_template/project.gen/sources_1/bd/top_level/ip/top_level_smartconnect_0_0/bd_0/synth/bd_f519.v:688]
INFO: [Synth 8-6155] done synthesizing module 'clk_map_imp_13EMVZ8' (0#1) [/home/wolf/fpga/u55c_pcie_template/project.gen/sources_1/bd/top_level/ip/top_level_smartconnect_0_0/bd_0/synth/bd_f519.v:656]
INFO: [Synth 8-6157] synthesizing module 'm00_exit_pipeline_imp_WX9TJ3' [/home/wolf/fpga/u55c_pcie_template/project.gen/sources_1/bd/top_level/ip/top_level_smartconnect_0_0/bd_0/synth/bd_f519.v:697]
INFO: [Synth 8-6157] synthesizing module 'bd_f519_m00e_0' [/home/wolf/fpga/u55c_pcie_template/project.gen/sources_1/bd/top_level/ip/top_level_smartconnect_0_0/bd_0/ip/ip_12/synth/bd_f519_m00e_0.sv:53]
INFO: [Synth 8-6157] synthesizing module 'xpm_cdc_async_rst' [/opt/Xilinx/Vivado/2024.2/data/ip/xpm/xpm_cdc/hdl/xpm_cdc.sv:1175]
INFO: [Synth 8-6155] done synthesizing module 'xpm_cdc_async_rst' (0#1) [/opt/Xilinx/Vivado/2024.2/data/ip/xpm/xpm_cdc/hdl/xpm_cdc.sv:1175]
INFO: [Synth 8-6155] done synthesizing module 'bd_f519_m00e_0' (0#1) [/home/wolf/fpga/u55c_pcie_template/project.gen/sources_1/bd/top_level/ip/top_level_smartconnect_0_0/bd_0/ip/ip_12/synth/bd_f519_m00e_0.sv:53]
INFO: [Synth 8-6155] done synthesizing module 'm00_exit_pipeline_imp_WX9TJ3' (0#1) [/home/wolf/fpga/u55c_pcie_template/project.gen/sources_1/bd/top_level/ip/top_level_smartconnect_0_0/bd_0/synth/bd_f519.v:697]
INFO: [Synth 8-6157] synthesizing module 'bd_f519_m00s2a_0' [/home/wolf/fpga/u55c_pcie_template/project.gen/sources_1/bd/top_level/ip/top_level_smartconnect_0_0/bd_0/ip/ip_11/synth/bd_f519_m00s2a_0.sv:53]
INFO: [Synth 8-6155] done synthesizing module 'bd_f519_m00s2a_0' (0#1) [/home/wolf/fpga/u55c_pcie_template/project.gen/sources_1/bd/top_level/ip/top_level_smartconnect_0_0/bd_0/ip/ip_11/synth/bd_f519_m00s2a_0.sv:53]
INFO: [Synth 8-6157] synthesizing module 'bd_f519_s00a2s_0' [/home/wolf/fpga/u55c_pcie_template/project.gen/sources_1/bd/top_level/ip/top_level_smartconnect_0_0/bd_0/ip/ip_5/synth/bd_f519_s00a2s_0.sv:53]
INFO: [Synth 8-6155] done synthesizing module 'bd_f519_s00a2s_0' (0#1) [/home/wolf/fpga/u55c_pcie_template/project.gen/sources_1/bd/top_level/ip/top_level_smartconnect_0_0/bd_0/ip/ip_5/synth/bd_f519_s00a2s_0.sv:53]
INFO: [Synth 8-6157] synthesizing module 's00_entry_pipeline_imp_1W49JGC' [/home/wolf/fpga/u55c_pcie_template/project.gen/sources_1/bd/top_level/ip/top_level_smartconnect_0_0/bd_0/synth/bd_f519.v:939]
INFO: [Synth 8-6157] synthesizing module 'bd_f519_s00mmu_0' [/home/wolf/fpga/u55c_pcie_template/project.gen/sources_1/bd/top_level/ip/top_level_smartconnect_0_0/bd_0/ip/ip_2/synth/bd_f519_s00mmu_0.sv:53]
INFO: [Synth 8-6155] done synthesizing module 'bd_f519_s00mmu_0' (0#1) [/home/wolf/fpga/u55c_pcie_template/project.gen/sources_1/bd/top_level/ip/top_level_smartconnect_0_0/bd_0/ip/ip_2/synth/bd_f519_s00mmu_0.sv:53]
INFO: [Synth 8-6157] synthesizing module 'bd_f519_s00sic_0' [/home/wolf/fpga/u55c_pcie_template/project.gen/sources_1/bd/top_level/ip/top_level_smartconnect_0_0/bd_0/ip/ip_4/synth/bd_f519_s00sic_0.sv:53]
INFO: [Synth 8-6155] done synthesizing module 'bd_f519_s00sic_0' (0#1) [/home/wolf/fpga/u55c_pcie_template/project.gen/sources_1/bd/top_level/ip/top_level_smartconnect_0_0/bd_0/ip/ip_4/synth/bd_f519_s00sic_0.sv:53]
INFO: [Synth 8-6157] synthesizing module 'bd_f519_s00tr_0' [/home/wolf/fpga/u55c_pcie_template/project.gen/sources_1/bd/top_level/ip/top_level_smartconnect_0_0/bd_0/ip/ip_3/synth/bd_f519_s00tr_0.sv:53]
INFO: [Synth 8-6155] done synthesizing module 'bd_f519_s00tr_0' (0#1) [/home/wolf/fpga/u55c_pcie_template/project.gen/sources_1/bd/top_level/ip/top_level_smartconnect_0_0/bd_0/ip/ip_3/synth/bd_f519_s00tr_0.sv:53]
WARNING: [Synth 8-7023] instance 's00_transaction_regulator' of module 'bd_f519_s00tr_0' has 86 connections declared, but only 84 given [/home/wolf/fpga/u55c_pcie_template/project.gen/sources_1/bd/top_level/ip/top_level_smartconnect_0_0/bd_0/synth/bd_f519.v:1418]
INFO: [Synth 8-6155] done synthesizing module 's00_entry_pipeline_imp_1W49JGC' (0#1) [/home/wolf/fpga/u55c_pcie_template/project.gen/sources_1/bd/top_level/ip/top_level_smartconnect_0_0/bd_0/synth/bd_f519.v:939]
INFO: [Synth 8-6157] synthesizing module 's00_nodes_imp_1Q7PX9I' [/home/wolf/fpga/u55c_pcie_template/project.gen/sources_1/bd/top_level/ip/top_level_smartconnect_0_0/bd_0/synth/bd_f519.v:1505]
INFO: [Synth 8-6157] synthesizing module 'bd_f519_sarn_0' [/home/wolf/fpga/u55c_pcie_template/project.gen/sources_1/bd/top_level/ip/top_level_smartconnect_0_0/bd_0/ip/ip_6/synth/bd_f519_sarn_0.sv:53]
INFO: [Synth 8-6155] done synthesizing module 'bd_f519_sarn_0' (0#1) [/home/wolf/fpga/u55c_pcie_template/project.gen/sources_1/bd/top_level/ip/top_level_smartconnect_0_0/bd_0/ip/ip_6/synth/bd_f519_sarn_0.sv:53]
INFO: [Synth 8-6157] synthesizing module 'bd_f519_sawn_0' [/home/wolf/fpga/u55c_pcie_template/project.gen/sources_1/bd/top_level/ip/top_level_smartconnect_0_0/bd_0/ip/ip_8/synth/bd_f519_sawn_0.sv:53]
INFO: [Synth 8-6155] done synthesizing module 'bd_f519_sawn_0' (0#1) [/home/wolf/fpga/u55c_pcie_template/project.gen/sources_1/bd/top_level/ip/top_level_smartconnect_0_0/bd_0/ip/ip_8/synth/bd_f519_sawn_0.sv:53]
INFO: [Synth 8-6157] synthesizing module 'bd_f519_sbn_0' [/home/wolf/fpga/u55c_pcie_template/project.gen/sources_1/bd/top_level/ip/top_level_smartconnect_0_0/bd_0/ip/ip_10/synth/bd_f519_sbn_0.sv:53]
INFO: [Synth 8-6155] done synthesizing module 'bd_f519_sbn_0' (0#1) [/home/wolf/fpga/u55c_pcie_template/project.gen/sources_1/bd/top_level/ip/top_level_smartconnect_0_0/bd_0/ip/ip_10/synth/bd_f519_sbn_0.sv:53]
INFO: [Synth 8-6157] synthesizing module 'bd_f519_srn_0' [/home/wolf/fpga/u55c_pcie_template/project.gen/sources_1/bd/top_level/ip/top_level_smartconnect_0_0/bd_0/ip/ip_7/synth/bd_f519_srn_0.sv:53]
INFO: [Synth 8-6155] done synthesizing module 'bd_f519_srn_0' (0#1) [/home/wolf/fpga/u55c_pcie_template/project.gen/sources_1/bd/top_level/ip/top_level_smartconnect_0_0/bd_0/ip/ip_7/synth/bd_f519_srn_0.sv:53]
INFO: [Synth 8-6157] synthesizing module 'bd_f519_swn_0' [/home/wolf/fpga/u55c_pcie_template/project.gen/sources_1/bd/top_level/ip/top_level_smartconnect_0_0/bd_0/ip/ip_9/synth/bd_f519_swn_0.sv:53]
INFO: [Synth 8-6155] done synthesizing module 'bd_f519_swn_0' (0#1) [/home/wolf/fpga/u55c_pcie_template/project.gen/sources_1/bd/top_level/ip/top_level_smartconnect_0_0/bd_0/ip/ip_9/synth/bd_f519_swn_0.sv:53]
INFO: [Synth 8-6155] done synthesizing module 's00_nodes_imp_1Q7PX9I' (0#1) [/home/wolf/fpga/u55c_pcie_template/project.gen/sources_1/bd/top_level/ip/top_level_smartconnect_0_0/bd_0/synth/bd_f519.v:1505]
INFO: [Synth 8-6155] done synthesizing module 'bd_f519' (0#1) [/home/wolf/fpga/u55c_pcie_template/project.gen/sources_1/bd/top_level/ip/top_level_smartconnect_0_0/bd_0/synth/bd_f519.v:10]
INFO: [Synth 8-6155] done synthesizing module 'top_level_smartconnect_0_0' (0#1) [/home/wolf/fpga/u55c_pcie_template/project.gen/sources_1/bd/top_level/ip/top_level_smartconnect_0_0/synth/top_level_smartconnect_0_0.v:53]
WARNING: [Synth 8-3848] Net aresetn_out in module/entity clk_map_imp_13EMVZ8 does not have driver. [/home/wolf/fpga/u55c_pcie_template/project.gen/sources_1/bd/top_level/ip/top_level_smartconnect_0_0/bd_0/synth/bd_f519.v:672]
---------------------------------------------------------------------------------
Finished RTL Elaboration : Time (s): cpu = 00:00:10 ; elapsed = 00:00:11 . Memory (MB): peak = 3310.000 ; gain = 419.828 ; free physical = 86858 ; free virtual = 222672
---------------------------------------------------------------------------------
---------------------------------------------------------------------------------
Start Handling Custom Attributes
---------------------------------------------------------------------------------
---------------------------------------------------------------------------------
Finished Handling Custom Attributes : Time (s): cpu = 00:00:10 ; elapsed = 00:00:11 . Memory (MB): peak = 3324.844 ; gain = 434.672 ; free physical = 86856 ; free virtual = 222670
---------------------------------------------------------------------------------
---------------------------------------------------------------------------------
Finished RTL Optimization Phase 1 : Time (s): cpu = 00:00:10 ; elapsed = 00:00:11 . Memory (MB): peak = 3324.844 ; gain = 434.672 ; free physical = 86856 ; free virtual = 222670
---------------------------------------------------------------------------------
Netlist sorting complete. Time (s): cpu = 00:00:00.5 ; elapsed = 00:00:00.49 . Memory (MB): peak = 3338.781 ; gain = 0.000 ; free physical = 86739 ; free virtual = 222553
INFO: [Netlist 29-17] Analyzing 13 Unisim elements for replacement
INFO: [Netlist 29-28] Unisim Transformation completed in 0 CPU seconds
INFO: [Project 1-570] Preparing netlist for logic optimization

Processing XDC Constraints
Initializing timing engine
Parsing XDC File [/home/wolf/fpga/u55c_pcie_template/project.gen/sources_1/bd/top_level/ip/top_level_smartconnect_0_0/ooc.xdc] for cell 'inst'
Finished Parsing XDC File [/home/wolf/fpga/u55c_pcie_template/project.gen/sources_1/bd/top_level/ip/top_level_smartconnect_0_0/ooc.xdc] for cell 'inst'
Parsing XDC File [/home/wolf/fpga/u55c_pcie_template/project.gen/sources_1/bd/top_level/ip/top_level_smartconnect_0_0/bd_0/ip/ip_1/bd_f519_psr_aclk_0_board.xdc] for cell 'inst/clk_map/psr_aclk/U0'
Finished Parsing XDC File [/home/wolf/fpga/u55c_pcie_template/project.gen/sources_1/bd/top_level/ip/top_level_smartconnect_0_0/bd_0/ip/ip_1/bd_f519_psr_aclk_0_board.xdc] for cell 'inst/clk_map/psr_aclk/U0'
Parsing XDC File [/home/wolf/fpga/u55c_pcie_template/project.gen/sources_1/bd/top_level/ip/top_level_smartconnect_0_0/bd_0/ip/ip_1/bd_f519_psr_aclk_0.xdc] for cell 'inst/clk_map/psr_aclk/U0'
Finished Parsing XDC File [/home/wolf/fpga/u55c_pcie_template/project.gen/sources_1/bd/top_level/ip/top_level_smartconnect_0_0/bd_0/ip/ip_1/bd_f519_psr_aclk_0.xdc] for cell 'inst/clk_map/psr_aclk/U0'
INFO: [Project 1-236] Implementation specific constraints were found while reading constraint file [/home/wolf/fpga/u55c_pcie_template/project.gen/sources_1/bd/top_level/ip/top_level_smartconnect_0_0/bd_0/ip/ip_1/bd_f519_psr_aclk_0.xdc]. These constraints will be ignored for synthesis but will be used in implementation. Impacted constraints are listed in the file [.Xil/top_level_smartconnect_0_0_propImpl.xdc].
Resolution: To avoid this warning, move constraints listed in [.Xil/top_level_smartconnect_0_0_propImpl.xdc] to another XDC file and exclude this new file from synthesis with the used_in_synthesis property (File Properties dialog in GUI) and re-run elaboration/synthesis.
Parsing XDC File [/home/wolf/fpga/u55c_pcie_template/project.gen/sources_1/bd/top_level/ip/top_level_smartconnect_0_0/smartconnect.xdc] for cell 'inst'
Finished Parsing XDC File [/home/wolf/fpga/u55c_pcie_template/project.gen/sources_1/bd/top_level/ip/top_level_smartconnect_0_0/smartconnect.xdc] for cell 'inst'
Parsing XDC File [/home/wolf/fpga/u55c_pcie_template/project.runs/top_level_smartconnect_0_0_synth_1/dont_touch.xdc]
Finished Parsing XDC File [/home/wolf/fpga/u55c_pcie_template/project.runs/top_level_smartconnect_0_0_synth_1/dont_touch.xdc]
INFO: [Project 1-1714] 14 XPM XDC files have been applied to the design.
Completed Processing XDC Constraints

Netlist sorting complete. Time (s): cpu = 00:00:00 ; elapsed = 00:00:00 . Memory (MB): peak = 3587.188 ; gain = 0.000 ; free physical = 85809 ; free virtual = 221625
INFO: [Project 1-111] Unisim Transformation Summary:
  A total of 13 instances were transformed.
  FDR => FDRE: 12 instances
  SRL16 => SRL16E: 1 instance 

Constraint Validation Runtime : Time (s): cpu = 00:00:00.15 ; elapsed = 00:00:00.09 . Memory (MB): peak = 3591.156 ; gain = 3.969 ; free physical = 85787 ; free virtual = 221602
INFO: [Designutils 20-5008] Incremental synthesis strategy off
---------------------------------------------------------------------------------
Finished Constraint Validation : Time (s): cpu = 00:00:28 ; elapsed = 00:00:28 . Memory (MB): peak = 3591.156 ; gain = 700.984 ; free physical = 85191 ; free virtual = 221007
---------------------------------------------------------------------------------
---------------------------------------------------------------------------------
Start Loading Part and Timing Information
---------------------------------------------------------------------------------
Loading part: xcu55c-fsvh2892-2L-e
INFO: [Synth 8-6742] Reading net delay rules and data
---------------------------------------------------------------------------------
Finished Loading Part and Timing Information : Time (s): cpu = 00:00:28 ; elapsed = 00:00:28 . Memory (MB): peak = 3599.160 ; gain = 708.988 ; free physical = 85190 ; free virtual = 221006
---------------------------------------------------------------------------------
---------------------------------------------------------------------------------
Start Applying 'set_property' XDC Constraints
---------------------------------------------------------------------------------
Applied set_property KEEP_HIERARCHY = SOFT for inst. (constraint file  /home/wolf/fpga/u55c_pcie_template/project.runs/top_level_smartconnect_0_0_synth_1/dont_touch.xdc, line 71).
Applied set_property KEEP_HIERARCHY = SOFT for inst/s00_nodes/s00_ar_node/inst/m_sc_xpm_cdc_async_rst_inst. (constraint file  auto generated constraint).
Applied set_property KEEP_HIERARCHY = SOFT for inst/s00_nodes/s00_aw_node/inst/m_sc_xpm_cdc_async_rst_inst. (constraint file  auto generated constraint).
Applied set_property KEEP_HIERARCHY = SOFT for inst/s00_nodes/s00_b_node/inst/m_sc_xpm_cdc_async_rst_inst. (constraint file  auto generated constraint).
Applied set_property KEEP_HIERARCHY = SOFT for inst/s00_nodes/s00_r_node/inst/m_sc_xpm_cdc_async_rst_inst. (constraint file  auto generated constraint).
Applied set_property KEEP_HIERARCHY = SOFT for inst/s00_nodes/s00_w_node/inst/m_sc_xpm_cdc_async_rst_inst. (constraint file  auto generated constraint).
Applied set_property KEEP_HIERARCHY = SOFT for inst/s00_nodes/s00_ar_node/inst/s_sc_xpm_cdc_async_rst_inst. (constraint file  auto generated constraint).
Applied set_property KEEP_HIERARCHY = SOFT for inst/s00_nodes/s00_aw_node/inst/s_sc_xpm_cdc_async_rst_inst. (constraint file  auto generated constraint).
Applied set_property KEEP_HIERARCHY = SOFT for inst/s00_nodes/s00_b_node/inst/s_sc_xpm_cdc_async_rst_inst. (constraint file  auto generated constraint).
Applied set_property KEEP_HIERARCHY = SOFT for inst/s00_nodes/s00_r_node/inst/s_sc_xpm_cdc_async_rst_inst. (constraint file  auto generated constraint).
Applied set_property KEEP_HIERARCHY = SOFT for inst/s00_nodes/s00_w_node/inst/s_sc_xpm_cdc_async_rst_inst. (constraint file  auto generated constraint).
Applied set_property KEEP_HIERARCHY = SOFT for inst/m00_exit_pipeline/m00_exit/inst/xpm_cdc_async_rst_inst. (constraint file  auto generated constraint).
Applied set_property KEEP_HIERARCHY = SOFT for inst/s00_entry_pipeline/s00_mmu/inst/xpm_cdc_async_rst_inst. (constraint file  auto generated constraint).
Applied set_property KEEP_HIERARCHY = SOFT for inst/s00_entry_pipeline/s00_si_converter/inst/xpm_cdc_async_rst_inst. (constraint file  auto generated constraint).
Applied set_property KEEP_HIERARCHY = SOFT for inst/s00_entry_pipeline/s00_transaction_regulator/inst/xpm_cdc_async_rst_inst. (constraint file  auto generated constraint).
---------------------------------------------------------------------------------
Finished applying 'set_property' XDC Constraints : Time (s): cpu = 00:00:28 ; elapsed = 00:00:28 . Memory (MB): peak = 3599.160 ; gain = 708.988 ; free physical = 85189 ; free virtual = 221005
---------------------------------------------------------------------------------
INFO: [Synth 8-802] inferred FSM for state register 'w_state_reg' in module 'sc_si_converter_v1_0_14_axilite_conv'
INFO: [Synth 8-802] inferred FSM for state register 'r_state_reg' in module 'sc_si_converter_v1_0_14_axilite_conv'
---------------------------------------------------------------------------------------------------
                   State |                     New Encoding |                Previous Encoding 
---------------------------------------------------------------------------------------------------
                  W_IDLE |                              000 | 00000000000000000000000000000000
                    W_RX |                              001 | 00000000000000000000000000000001
                    W_TX |                              010 | 00000000000000000000000000000010
              W_COMPLETE |                              011 | 00000000000000000000000000000100
               W_RECOVER |                              100 | 00000000000000000000000000000011
---------------------------------------------------------------------------------------------------
INFO: [Synth 8-3354] encoded FSM with state register 'w_state_reg' using encoding 'sequential' in module 'sc_si_converter_v1_0_14_axilite_conv'
---------------------------------------------------------------------------------------------------
                   State |                     New Encoding |                Previous Encoding 
---------------------------------------------------------------------------------------------------
                  R_IDLE |                               00 | 00000000000000000000000000000000
               R_PENDING |                               01 | 00000000000000000000000000000001
                    R_RX |                               10 | 00000000000000000000000000000010
                    R_TX |                               11 | 00000000000000000000000000000011
---------------------------------------------------------------------------------------------------
INFO: [Synth 8-3354] encoded FSM with state register 'r_state_reg' using encoding 'sequential' in module 'sc_si_converter_v1_0_14_axilite_conv'
---------------------------------------------------------------------------------
Finished RTL Optimization Phase 2 : Time (s): cpu = 00:00:30 ; elapsed = 00:00:30 . Memory (MB): peak = 3599.160 ; gain = 708.988 ; free physical = 85316 ; free virtual = 221134
---------------------------------------------------------------------------------
---------------------------------------------------------------------------------
Start RTL Component Statistics 
---------------------------------------------------------------------------------
Detailed RTL Component Info : 
+---Adders : 
	   2 Input   12 Bit       Adders := 3     
	   2 Input   11 Bit       Adders := 4     
	   4 Input   11 Bit       Adders := 4     
	   2 Input    8 Bit       Adders := 2     
	   2 Input    7 Bit       Adders := 3     
	   2 Input    6 Bit       Adders := 2     
	   2 Input    4 Bit       Adders := 6     
	   2 Input    1 Bit       Adders := 5     
	   3 Input    1 Bit       Adders := 2     
+---XORs : 
	   2 Input      1 Bit         XORs := 24    
+---Registers : 
	              512 Bit    Registers := 2     
	              188 Bit    Registers := 2     
	               70 Bit    Registers := 1     
	               69 Bit    Registers := 1     
	               64 Bit    Registers := 5     
	               47 Bit    Registers := 1     
	               33 Bit    Registers := 1     
	               32 Bit    Registers := 3     
	               23 Bit    Registers := 1     
	               12 Bit    Registers := 1     
	               11 Bit    Registers := 5     
	                8 Bit    Registers := 3     
	                7 Bit    Registers := 3     
	                6 Bit    Registers := 5     
	                5 Bit    Registers := 1     
	                4 Bit    Registers := 9     
	                3 Bit    Registers := 21    
	                2 Bit    Registers := 7     
	                1 Bit    Registers := 111   
+---Muxes : 
	   4 Input  512 Bit        Muxes := 2     
	   2 Input  512 Bit        Muxes := 1     
	   4 Input   64 Bit        Muxes := 1     
	   2 Input   64 Bit        Muxes := 1     
	   2 Input   12 Bit        Muxes := 6     
	   5 Input   12 Bit        Muxes := 1     
	   5 Input   11 Bit        Muxes := 1     
	   2 Input   11 Bit        Muxes := 3     
	   4 Input   11 Bit        Muxes := 1     
	   2 Input    8 Bit        Muxes := 2     
	   4 Input    8 Bit        Muxes := 1     
	   4 Input    7 Bit        Muxes := 1     
	   2 Input    7 Bit        Muxes := 3     
	   7 Input    7 Bit        Muxes := 1     
	   2 Input    6 Bit        Muxes := 4     
	   5 Input    6 Bit        Muxes := 2     
	   2 Input    4 Bit        Muxes := 1     
	   4 Input    4 Bit        Muxes := 1     
	   2 Input    3 Bit        Muxes := 6     
	   5 Input    3 Bit        Muxes := 1     
	   4 Input    2 Bit        Muxes := 4     
	   2 Input    2 Bit        Muxes := 11    
	   2 Input    1 Bit        Muxes := 68    
	   5 Input    1 Bit        Muxes := 17    
	   4 Input    1 Bit        Muxes := 18    
---------------------------------------------------------------------------------
Finished RTL Component Statistics 
---------------------------------------------------------------------------------
---------------------------------------------------------------------------------
Start Part Resource Summary
---------------------------------------------------------------------------------
Part Resources:
DSPs: 9024 (col length:94)
BRAMs: 4032 (col length: RAMB18 288 RAMB36 144)
---------------------------------------------------------------------------------
Finished Part Resource Summary
---------------------------------------------------------------------------------
---------------------------------------------------------------------------------
Start Cross Boundary and Area Optimization
---------------------------------------------------------------------------------
WARNING: [Synth 8-3332] Sequential element (clk_map/psr_aclk/U0/EXT_LPF/ACTIVE_LOW_EXT.ACT_LO_EXT/GENERATE_LEVEL_P_S_CDC.SINGLE_BIT.CROSS_PLEVEL_IN2SCNDRY_IN_cdc_to) is unused and will be removed from module bd_f519.
WARNING: [Synth 8-3332] Sequential element (clk_map/psr_aclk/U0/EXT_LPF/ACTIVE_LOW_EXT.ACT_LO_EXT/GENERATE_LEVEL_P_S_CDC.SINGLE_BIT.CROSS_PLEVEL_IN2SCNDRY_s_level_out_d2) is unused and will be removed from module bd_f519.
WARNING: [Synth 8-3332] Sequential element (clk_map/psr_aclk/U0/EXT_LPF/ACTIVE_LOW_EXT.ACT_LO_EXT/GENERATE_LEVEL_P_S_CDC.SINGLE_BIT.CROSS_PLEVEL_IN2SCNDRY_s_level_out_d3) is unused and will be removed from module bd_f519.
WARNING: [Synth 8-3332] Sequential element (clk_map/psr_aclk/U0/EXT_LPF/ACTIVE_LOW_EXT.ACT_LO_EXT/GENERATE_LEVEL_P_S_CDC.SINGLE_BIT.CROSS_PLEVEL_IN2SCNDRY_s_level_out_d4) is unused and will be removed from module bd_f519.
WARNING: [Synth 8-3332] Sequential element (clk_map/psr_aclk/U0/EXT_LPF/ACTIVE_LOW_EXT.ACT_LO_EXT/GENERATE_LEVEL_P_S_CDC.SINGLE_BIT.CROSS_PLEVEL_IN2SCNDRY_s_level_out_d5) is unused and will be removed from module bd_f519.
WARNING: [Synth 8-3332] Sequential element (clk_map/psr_aclk/U0/EXT_LPF/ACTIVE_LOW_EXT.ACT_LO_EXT/GENERATE_LEVEL_P_S_CDC.SINGLE_BIT.CROSS_PLEVEL_IN2SCNDRY_s_level_out_d6) is unused and will be removed from module bd_f519.
WARNING: [Synth 8-3332] Sequential element (clk_map/psr_aclk/U0/EXT_LPF/ACTIVE_LOW_AUX.ACT_LO_AUX/GENERATE_LEVEL_P_S_CDC.SINGLE_BIT.CROSS_PLEVEL_IN2SCNDRY_s_level_out_d5) is unused and will be removed from module bd_f519.
WARNING: [Synth 8-3332] Sequential element (clk_map/psr_aclk/U0/EXT_LPF/ACTIVE_LOW_AUX.ACT_LO_AUX/GENERATE_LEVEL_P_S_CDC.SINGLE_BIT.CROSS_PLEVEL_IN2SCNDRY_s_level_out_d6) is unused and will be removed from module bd_f519.
WARNING: [Synth 8-3332] Sequential element (clk_map/psr_aclk/U0/FDRE_inst) is unused and will be removed from module bd_f519.
WARNING: [Synth 8-3332] Sequential element (clk_map/psr_aclk/U0/BSR_OUT_DFF[0].FDRE_BSR) is unused and will be removed from module bd_f519.
WARNING: [Synth 8-3332] Sequential element (clk_map/psr_aclk/U0/PR_OUT_DFF[0].FDRE_PER) is unused and will be removed from module bd_f519.
WARNING: [Synth 8-3332] Sequential element (clk_map/psr_aclk/U0/ACTIVE_LOW_PR_OUT_DFF[0].FDRE_PER_N) is unused and will be removed from module bd_f519.
---------------------------------------------------------------------------------
Finished Cross Boundary and Area Optimization : Time (s): cpu = 00:00:40 ; elapsed = 00:00:40 . Memory (MB): peak = 3599.160 ; gain = 708.988 ; free physical = 93594 ; free virtual = 229399
---------------------------------------------------------------------------------
---------------------------------------------------------------------------------
Start Applying XDC Timing Constraints
---------------------------------------------------------------------------------
---------------------------------------------------------------------------------
Finished Applying XDC Timing Constraints : Time (s): cpu = 00:00:47 ; elapsed = 00:00:47 . Memory (MB): peak = 3921.688 ; gain = 1031.516 ; free physical = 93181 ; free virtual = 229000
---------------------------------------------------------------------------------
---------------------------------------------------------------------------------
Start Timing Optimization
---------------------------------------------------------------------------------
---------------------------------------------------------------------------------
Finished Timing Optimization : Time (s): cpu = 00:00:48 ; elapsed = 00:00:49 . Memory (MB): peak = 3986.977 ; gain = 1096.805 ; free physical = 93069 ; free virtual = 228888
---------------------------------------------------------------------------------
---------------------------------------------------------------------------------
Start Technology Mapping
---------------------------------------------------------------------------------
---------------------------------------------------------------------------------
Finished Technology Mapping : Time (s): cpu = 00:00:49 ; elapsed = 00:00:49 . Memory (MB): peak = 3986.977 ; gain = 1096.805 ; free physical = 92974 ; free virtual = 228793
---------------------------------------------------------------------------------
---------------------------------------------------------------------------------
Start IO Insertion
---------------------------------------------------------------------------------
---------------------------------------------------------------------------------
Start Flattening Before IO Insertion
---------------------------------------------------------------------------------
---------------------------------------------------------------------------------
Finished Flattening Before IO Insertion
---------------------------------------------------------------------------------
---------------------------------------------------------------------------------
Start Final Netlist Cleanup
---------------------------------------------------------------------------------
---------------------------------------------------------------------------------
Finished Final Netlist Cleanup
---------------------------------------------------------------------------------
---------------------------------------------------------------------------------
Finished IO Insertion : Time (s): cpu = 00:00:52 ; elapsed = 00:00:53 . Memory (MB): peak = 4110.789 ; gain = 1220.617 ; free physical = 92498 ; free virtual = 228317
---------------------------------------------------------------------------------
---------------------------------------------------------------------------------
Start Renaming Generated Instances
---------------------------------------------------------------------------------
---------------------------------------------------------------------------------
Finished Renaming Generated Instances : Time (s): cpu = 00:00:52 ; elapsed = 00:00:53 . Memory (MB): peak = 4110.789 ; gain = 1220.617 ; free physical = 92497 ; free virtual = 228316
---------------------------------------------------------------------------------
---------------------------------------------------------------------------------
Start Rebuilding User Hierarchy
---------------------------------------------------------------------------------
---------------------------------------------------------------------------------
Finished Rebuilding User Hierarchy : Time (s): cpu = 00:00:52 ; elapsed = 00:00:53 . Memory (MB): peak = 4110.789 ; gain = 1220.617 ; free physical = 92493 ; free virtual = 228312
---------------------------------------------------------------------------------
---------------------------------------------------------------------------------
Start Renaming Generated Ports
---------------------------------------------------------------------------------
---------------------------------------------------------------------------------
Finished Renaming Generated Ports : Time (s): cpu = 00:00:52 ; elapsed = 00:00:53 . Memory (MB): peak = 4110.789 ; gain = 1220.617 ; free physical = 92493 ; free virtual = 228312
---------------------------------------------------------------------------------
---------------------------------------------------------------------------------
Start Handling Custom Attributes
---------------------------------------------------------------------------------
---------------------------------------------------------------------------------
Finished Handling Custom Attributes : Time (s): cpu = 00:00:52 ; elapsed = 00:00:53 . Memory (MB): peak = 4110.789 ; gain = 1220.617 ; free physical = 92493 ; free virtual = 228312
---------------------------------------------------------------------------------
---------------------------------------------------------------------------------
Start Renaming Generated Nets
---------------------------------------------------------------------------------
---------------------------------------------------------------------------------
Finished Renaming Generated Nets : Time (s): cpu = 00:00:52 ; elapsed = 00:00:53 . Memory (MB): peak = 4110.789 ; gain = 1220.617 ; free physical = 92493 ; free virtual = 228312
---------------------------------------------------------------------------------
---------------------------------------------------------------------------------
Start Writing Synthesis Report
---------------------------------------------------------------------------------

Report BlackBoxes: 
+-+--------------+----------+
| |BlackBox name |Instances |
+-+--------------+----------+
+-+--------------+----------+

Report Cell Usage: 
+------+------+------+
|      |Cell  |Count |
+------+------+------+
|1     |LUT1  |    53|
|2     |LUT2  |    87|
|3     |LUT3  |    55|
|4     |LUT4  |    69|
|5     |LUT5  |    82|
|6     |LUT6  |   310|
|7     |MUXF7 |    72|
|8     |MUXF8 |    36|
|9     |SRL16 |     1|
|10    |FDCE  |    42|
|11    |FDR   |     4|
|12    |FDRE  |   844|
|13    |FDSE  |    13|
+------+------+------+
---------------------------------------------------------------------------------
Finished Writing Synthesis Report : Time (s): cpu = 00:00:52 ; elapsed = 00:00:53 . Memory (MB): peak = 4110.789 ; gain = 1220.617 ; free physical = 92493 ; free virtual = 228312
---------------------------------------------------------------------------------
Synthesis finished with 0 errors, 0 critical warnings and 15349 warnings.
Synthesis Optimization Runtime : Time (s): cpu = 00:00:40 ; elapsed = 00:00:41 . Memory (MB): peak = 4110.789 ; gain = 954.305 ; free physical = 92492 ; free virtual = 228311
Synthesis Optimization Complete : Time (s): cpu = 00:00:52 ; elapsed = 00:00:53 . Memory (MB): peak = 4110.789 ; gain = 1220.617 ; free physical = 92492 ; free virtual = 228311
INFO: [Project 1-571] Translating synthesized netlist
Netlist sorting complete. Time (s): cpu = 00:00:00.08 ; elapsed = 00:00:00.08 . Memory (MB): peak = 4110.789 ; gain = 0.000 ; free physical = 92633 ; free virtual = 228452
INFO: [Netlist 29-17] Analyzing 113 Unisim elements for replacement
INFO: [Netlist 29-28] Unisim Transformation completed in 0 CPU seconds
INFO: [Project 1-570] Preparing netlist for logic optimization
INFO: [Opt 31-138] Pushed 0 inverter(s) to 0 load pin(s).
Netlist sorting complete. Time (s): cpu = 00:00:00 ; elapsed = 00:00:00 . Memory (MB): peak = 4139.078 ; gain = 0.000 ; free physical = 92607 ; free virtual = 228426
INFO: [Project 1-111] Unisim Transformation Summary:
  A total of 5 instances were transformed.
  FDR => FDRE: 4 instances
  SRL16 => SRL16E: 1 instance 

Synth Design complete | Checksum: 8cba8c6f
INFO: [Common 17-83] Releasing license: Synthesis
92 Infos, 15 Warnings, 0 Critical Warnings and 0 Errors encountered.
synth_design completed successfully
synth_design: Time (s): cpu = 00:01:07 ; elapsed = 00:01:03 . Memory (MB): peak = 4139.078 ; gain = 2608.652 ; free physical = 92607 ; free virtual = 228426
INFO: [Common 17-2834] synth_design peak Physical Memory [PSS] (MB): overall = 3262.259; main = 3147.107; forked = 222.430
INFO: [Common 17-2834] synth_design peak Virtual Memory [VSS] (MB): overall = 4909.820; main = 4139.082; forked = 914.840
Write ShapeDB Complete: Time (s): cpu = 00:00:00.01 ; elapsed = 00:00:00.01 . Memory (MB): peak = 4163.090 ; gain = 0.000 ; free physical = 92607 ; free virtual = 228426
INFO: [Common 17-1381] The checkpoint '/home/wolf/fpga/u55c_pcie_template/project.runs/top_level_smartconnect_0_0_synth_1/top_level_smartconnect_0_0.dcp' has been generated.
INFO: [Coretcl 2-1648] Added synthesis output to IP cache for IP top_level_smartconnect_0_0, cache-ID = f5ba2233f172702a
INFO: [Coretcl 2-1174] Renamed 71 cell refs.
Write ShapeDB Complete: Time (s): cpu = 00:00:00.01 ; elapsed = 00:00:00 . Memory (MB): peak = 4163.090 ; gain = 0.000 ; free physical = 92580 ; free virtual = 228404
INFO: [Common 17-1381] The checkpoint '/home/wolf/fpga/u55c_pcie_template/project.runs/top_level_smartconnect_0_0_synth_1/top_level_smartconnect_0_0.dcp' has been generated.
INFO: [Vivado 12-24828] Executing command : report_utilization -file top_level_smartconnect_0_0_utilization_synth.rpt -pb top_level_smartconnect_0_0_utilization_synth.pb
INFO: [Common 17-206] Exiting Vivado at Thu Apr 17 11:18:58 2025...
