Copyright 1986-2022 Xilinx, Inc. All Rights Reserved. Copyright 2022-2024 Advanced Micro Devices, Inc. All Rights Reserved.
-------------------------------------------------------------------------------------------------------------------------------------------------------------------------
| Tool Version     : Vivado v.2024.2 (lin64) Build 5239630 Fri Nov 08 22:34:34 MST 2024
| Date             : Thu Apr 17 11:36:06 2025
| Host             : wolf-super-server running 64-bit Ubuntu 20.04.6 LTS
| Command          : report_power -file top_level_wrapper_power_routed.rpt -pb top_level_wrapper_power_summary_routed.pb -rpx top_level_wrapper_power_routed.rpx
| Design           : top_level_wrapper
| Device           : xcu55c-fsvh2892-2L-e
| Design State     : routed
| Grade            : extended
| Process          : typical
| Characterization : Production
-------------------------------------------------------------------------------------------------------------------------------------------------------------------------

Power Report

Table of Contents
-----------------
1. Summary
1.1 On-Chip Components
1.2 Power Supply Summary
1.3 Confidence Level
2. Settings
2.1 Environment
2.2 Clock Constraints
3. Detailed Reports
3.1 By Hierarchy

1. Summary
----------

+--------------------------+--------------+
| Total On-Chip Power (W)  | 8.609        |
|   FPGA Power (W)         | 8.215        |
|   HBM Power (W)          | 0.395        |
| Design Power Budget (W)  | Unspecified* |
| Power Budget Margin (W)  | NA           |
| Dynamic (W)              | 5.166        |
| Device Static (W)        | 3.444        |
| Effective TJA (C/W)      | 0.4          |
| Max Ambient (C)          | 96.3         |
| Junction Temperature (C) | 28.7         |
| Confidence Level         | Medium       |
| Setting File             | ---          |
| Simulation Activity File | ---          |
| Design Nets Matched      | NA           |
+--------------------------+--------------+
* Specify Design Power Budget using, set_operating_conditions -design_power_budget <value in Watts>


1.1 On-Chip Components
----------------------

+--------------------------+-----------+----------+-----------+-----------------+
| On-Chip                  | Power (W) | Used     | Available | Utilization (%) |
+--------------------------+-----------+----------+-----------+-----------------+
| Clocks                   |     0.339 |       31 |       --- |             --- |
| CLB Logic                |     0.183 |    71103 |       --- |             --- |
|   LUT as Logic           |     0.125 |    24709 |   1303680 |            1.90 |
|   LUT as Distributed RAM |     0.027 |      902 |    600960 |            0.15 |
|   Register               |     0.018 |    35382 |   2607360 |            1.36 |
|   LUT as Shift Register  |     0.012 |     1090 |    600960 |            0.18 |
|   CARRY8                 |    <0.001 |      228 |    162960 |            0.14 |
|   Others                 |     0.000 |     1195 |       --- |             --- |
|   F7/F8 Muxes            |     0.000 |      310 |   1303680 |            0.02 |
| Signals                  |     0.271 |    58530 |       --- |             --- |
| Block RAM                |     0.441 |       55 |      2016 |            2.73 |
| I/O                      |     0.006 |        2 |       624 |            0.32 |
| GTY                      |     3.426 |        8 |        40 |           20.00 |
| Hard IPs                 |     0.500 |        1 |       --- |             --- |
|   PCIE                   |     0.500 |        1 |       --- |             --- |
| Static Power             |     3.444 |          |           |                 |
| Total                    |     8.609 |          |           |                 |
+--------------------------+-----------+----------+-----------+-----------------+


1.2 Power Supply Summary
------------------------

+------------+-------------+-----------+-------------+------------+-------------+-------------+------------+
| Source     | Voltage (V) | Total (A) | Dynamic (A) | Static (A) | Powerup (A) | Budget (A)  | Margin (A) |
+------------+-------------+-----------+-------------+------------+-------------+-------------+------------+
| Vccint     |       0.850 |     4.057 |       2.677 |      1.380 |       NA    | Unspecified | NA         |
| Vccint_io  |       0.850 |     0.248 |       0.001 |      0.247 |       NA    | Unspecified | NA         |
| Vccbram    |       0.850 |     0.093 |       0.061 |      0.033 |       NA    | Unspecified | NA         |
| Vccaux     |       1.800 |     0.817 |       0.000 |      0.817 |       NA    | Unspecified | NA         |
| Vccaux_io  |       1.800 |     0.038 |       0.003 |      0.035 |       NA    | Unspecified | NA         |
| Vcco33     |       3.300 |     0.000 |       0.000 |      0.000 |       NA    | Unspecified | NA         |
| Vcco25     |       2.500 |     0.000 |       0.000 |      0.000 |       NA    | Unspecified | NA         |
| Vcco18     |       1.800 |     0.000 |       0.000 |      0.000 |       NA    | Unspecified | NA         |
| Vcco15     |       1.500 |     0.000 |       0.000 |      0.000 |       NA    | Unspecified | NA         |
| Vcco135    |       1.350 |     0.000 |       0.000 |      0.000 |       NA    | Unspecified | NA         |
| Vcco12     |       1.200 |     0.000 |       0.000 |      0.000 |       NA    | Unspecified | NA         |
| Vcco10     |       1.000 |     0.000 |       0.000 |      0.000 |       NA    | Unspecified | NA         |
| Vccadc     |       1.800 |     0.024 |       0.000 |      0.024 |       NA    | Unspecified | NA         |
| VCC_IO_HBM |       1.200 |     0.083 |       0.000 |      0.083 |       NA    | Unspecified | NA         |
| VCC_HBM    |       1.200 |     0.158 |       0.000 |      0.158 |       NA    | Unspecified | NA         |
| VCCAUX_HBM |       2.500 |     0.043 |       0.000 |      0.043 |       NA    | Unspecified | NA         |
| MGTYAVcc   |       0.900 |     0.789 |       0.752 |      0.037 |       NA    | Unspecified | NA         |
| MGTYAVtt   |       1.200 |     1.744 |       1.727 |      0.018 |       NA    | Unspecified | NA         |
| MGTYVccaux |       1.800 |     0.049 |       0.047 |      0.002 |       NA    | Unspecified | NA         |
+------------+-------------+-----------+-------------+------------+-------------+-------------+------------+


1.3 Confidence Level
--------------------

+-----------------------------+------------+-------------------------------------------------------+------------------------------------------------------------------------------------------------------------+
| User Input Data             | Confidence | Details                                               | Action                                                                                                     |
+-----------------------------+------------+-------------------------------------------------------+------------------------------------------------------------------------------------------------------------+
| Design implementation state | High       | Design is routed                                      |                                                                                                            |
| Clock nodes activity        | High       | User specified more than 95% of clocks                |                                                                                                            |
| I/O nodes activity          | Medium     | More than 5% of inputs are missing user specification | Provide missing input activity with simulation results or by editing the "By Resource Type -> I/Os" view   |
| Internal nodes activity     | Medium     | User specified less than 25% of internal nodes        | Provide missing internal nodes activity with simulation results or by editing the "By Resource Type" views |
| Device models               | High       | Device models are Production                          |                                                                                                            |
|                             |            |                                                       |                                                                                                            |
| Overall confidence level    | Medium     |                                                       |                                                                                                            |
+-----------------------------+------------+-------------------------------------------------------+------------------------------------------------------------------------------------------------------------+


2. Settings
-----------

2.1 Environment
---------------

+-----------------------+--------------------------+
| Ambient Temp (C)      | 25.0                     |
| ThetaJA (C/W)         | 0.4                      |
| Airflow (LFM)         | 250                      |
| Heat Sink             | medium (Medium Profile)  |
| ThetaSA (C/W)         | 0.5                      |
| Board Selection       | medium (10"x10")         |
| # of Board Layers     | 12to15 (12 to 15 Layers) |
| Board Temperature (C) | 25.0                     |
+-----------------------+--------------------------+


2.2 Clock Constraints
---------------------

+------------------------------------------------------------------------------------------------------------------------------------------------------------------------------------------------------------------------------------------------------------------------------------------------------------------------------------------------------------------------------------------------------------------------------------------------------------------------------------+---------------------------------------------------------------------------------------------------------------------------------------------------------------------------------------------------------------------------------------------------------------------------------------------------------------------------------------------------------------------------------------------------------------------------------------------------------------------+-----------------+
| Clock                                                                                                                                                                                                                                                                                                                                                                                                                                                                              | Domain                                                                                                                                                                                                                                                                                                                                                                                                                                                              | Constraint (ns) |
+------------------------------------------------------------------------------------------------------------------------------------------------------------------------------------------------------------------------------------------------------------------------------------------------------------------------------------------------------------------------------------------------------------------------------------------------------------------------------------+---------------------------------------------------------------------------------------------------------------------------------------------------------------------------------------------------------------------------------------------------------------------------------------------------------------------------------------------------------------------------------------------------------------------------------------------------------------------+-----------------+
| GTYE4_CHANNEL_TXOUTCLK[0]                                                                                                                                                                                                                                                                                                                                                                                                                                                          | top_level_i/pcie_bridge/pcie_bridge/inst/pcie4c_ip_i/inst/top_level_xdma_0_0_pcie4c_ip_gt_top_i/diablo_gt.diablo_gt_phy_wrapper/gt_wizard.gtwizard_top_i/top_level_xdma_0_0_pcie4c_ip_gt_i/inst/gen_gtwizard_gtye4_top.top_level_xdma_0_0_pcie4c_ip_gt_gtwizard_gtye4_inst/gen_gtwizard_gtye4.gen_channel_container[26].gen_enabled_channel.gtye4_channel_wrapper_inst/channel_inst/GTYE4_CHANNEL_TXOUTCLK[0]                                                       |             2.0 |
| GTYE4_CHANNEL_TXOUTCLK[0]_1                                                                                                                                                                                                                                                                                                                                                                                                                                                        | top_level_i/pcie_bridge/pcie_bridge/inst/pcie4c_ip_i/inst/top_level_xdma_0_0_pcie4c_ip_gt_top_i/diablo_gt.diablo_gt_phy_wrapper/gt_wizard.gtwizard_top_i/top_level_xdma_0_0_pcie4c_ip_gt_i/inst/gen_gtwizard_gtye4_top.top_level_xdma_0_0_pcie4c_ip_gt_gtwizard_gtye4_inst/gen_gtwizard_gtye4.gen_channel_container[27].gen_enabled_channel.gtye4_channel_wrapper_inst/channel_inst/GTYE4_CHANNEL_TXOUTCLK[0]                                                       |             2.0 |
| GTYE4_CHANNEL_TXOUTCLK[1]                                                                                                                                                                                                                                                                                                                                                                                                                                                          | top_level_i/pcie_bridge/pcie_bridge/inst/pcie4c_ip_i/inst/top_level_xdma_0_0_pcie4c_ip_gt_top_i/diablo_gt.diablo_gt_phy_wrapper/gt_wizard.gtwizard_top_i/top_level_xdma_0_0_pcie4c_ip_gt_i/inst/gen_gtwizard_gtye4_top.top_level_xdma_0_0_pcie4c_ip_gt_gtwizard_gtye4_inst/gen_gtwizard_gtye4.gen_channel_container[26].gen_enabled_channel.gtye4_channel_wrapper_inst/channel_inst/GTYE4_CHANNEL_TXOUTCLK[1]                                                       |             2.0 |
| GTYE4_CHANNEL_TXOUTCLK[1]_1                                                                                                                                                                                                                                                                                                                                                                                                                                                        | top_level_i/pcie_bridge/pcie_bridge/inst/pcie4c_ip_i/inst/top_level_xdma_0_0_pcie4c_ip_gt_top_i/diablo_gt.diablo_gt_phy_wrapper/gt_wizard.gtwizard_top_i/top_level_xdma_0_0_pcie4c_ip_gt_i/inst/gen_gtwizard_gtye4_top.top_level_xdma_0_0_pcie4c_ip_gt_gtwizard_gtye4_inst/gen_gtwizard_gtye4.gen_channel_container[27].gen_enabled_channel.gtye4_channel_wrapper_inst/channel_inst/GTYE4_CHANNEL_TXOUTCLK[1]                                                       |             2.0 |
| GTYE4_CHANNEL_TXOUTCLK[2]                                                                                                                                                                                                                                                                                                                                                                                                                                                          | top_level_i/pcie_bridge/pcie_bridge/inst/pcie4c_ip_i/inst/top_level_xdma_0_0_pcie4c_ip_gt_top_i/diablo_gt.diablo_gt_phy_wrapper/gt_wizard.gtwizard_top_i/top_level_xdma_0_0_pcie4c_ip_gt_i/inst/gen_gtwizard_gtye4_top.top_level_xdma_0_0_pcie4c_ip_gt_gtwizard_gtye4_inst/gen_gtwizard_gtye4.gen_channel_container[26].gen_enabled_channel.gtye4_channel_wrapper_inst/channel_inst/GTYE4_CHANNEL_TXOUTCLK[2]                                                       |             2.0 |
| GTYE4_CHANNEL_TXOUTCLK[2]_1                                                                                                                                                                                                                                                                                                                                                                                                                                                        | top_level_i/pcie_bridge/pcie_bridge/inst/pcie4c_ip_i/inst/top_level_xdma_0_0_pcie4c_ip_gt_top_i/diablo_gt.diablo_gt_phy_wrapper/gt_wizard.gtwizard_top_i/top_level_xdma_0_0_pcie4c_ip_gt_i/inst/gen_gtwizard_gtye4_top.top_level_xdma_0_0_pcie4c_ip_gt_gtwizard_gtye4_inst/gen_gtwizard_gtye4.gen_channel_container[27].gen_enabled_channel.gtye4_channel_wrapper_inst/channel_inst/GTYE4_CHANNEL_TXOUTCLK[2]                                                       |             2.0 |
| GTYE4_CHANNEL_TXOUTCLK[3]                                                                                                                                                                                                                                                                                                                                                                                                                                                          | top_level_i/pcie_bridge/pcie_bridge/inst/pcie4c_ip_i/inst/top_level_xdma_0_0_pcie4c_ip_gt_top_i/diablo_gt.diablo_gt_phy_wrapper/gt_wizard.gtwizard_top_i/top_level_xdma_0_0_pcie4c_ip_gt_i/inst/gen_gtwizard_gtye4_top.top_level_xdma_0_0_pcie4c_ip_gt_gtwizard_gtye4_inst/gen_gtwizard_gtye4.gen_channel_container[26].gen_enabled_channel.gtye4_channel_wrapper_inst/channel_inst/GTYE4_CHANNEL_TXOUTCLK[3]                                                       |             2.0 |
| GTYE4_CHANNEL_TXOUTCLK[3]_1                                                                                                                                                                                                                                                                                                                                                                                                                                                        | top_level_i/pcie_bridge/pcie_bridge/inst/pcie4c_ip_i/inst/top_level_xdma_0_0_pcie4c_ip_gt_top_i/diablo_gt.diablo_gt_phy_wrapper/gt_wizard.gtwizard_top_i/top_level_xdma_0_0_pcie4c_ip_gt_i/inst/gen_gtwizard_gtye4_top.top_level_xdma_0_0_pcie4c_ip_gt_gtwizard_gtye4_inst/gen_gtwizard_gtye4.gen_channel_container[27].gen_enabled_channel.gtye4_channel_wrapper_inst/channel_inst/GTYE4_CHANNEL_TXOUTCLK[3]                                                       |             2.0 |
| pcie0_sys_clk                                                                                                                                                                                                                                                                                                                                                                                                                                                                      | pcie0_refclk_clk_p[0]                                                                                                                                                                                                                                                                                                                                                                                                                                               |            10.0 |
| pcie_bridge_0_axi_aclk                                                                                                                                                                                                                                                                                                                                                                                                                                                             | top_level_i/pcie_bridge/pcie_bridge/inst/pcie4c_ip_i/inst/top_level_xdma_0_0_pcie4c_ip_gt_top_i/diablo_gt.diablo_gt_phy_wrapper/phy_clk_i/CLK_USERCLK                                                                                                                                                                                                                                                                                                               |             4.0 |
| pipe_clk                                                                                                                                                                                                                                                                                                                                                                                                                                                                           | top_level_i/pcie_bridge/pcie_bridge/inst/pcie4c_ip_i/inst/top_level_xdma_0_0_pcie4c_ip_gt_top_i/diablo_gt.diablo_gt_phy_wrapper/phy_clk_i/pclk2                                                                                                                                                                                                                                                                                                                     |             4.0 |
| qpll0outclk_out[0]                                                                                                                                                                                                                                                                                                                                                                                                                                                                 | top_level_i/pcie_bridge/pcie_bridge/inst/pcie4c_ip_i/inst/top_level_xdma_0_0_pcie4c_ip_gt_top_i/diablo_gt.diablo_gt_phy_wrapper/gt_wizard.gtwizard_top_i/top_level_xdma_0_0_pcie4c_ip_gt_i/inst/gen_gtwizard_gtye4_top.top_level_xdma_0_0_pcie4c_ip_gt_gtwizard_gtye4_inst/gen_gtwizard_gtye4.gen_common.gen_common_container[26].gen_enabled_common.gtye4_common_wrapper_inst/common_inst/qpll0outclk_out[0]                                                       |             0.2 |
| qpll0outclk_out[0]_1                                                                                                                                                                                                                                                                                                                                                                                                                                                               | top_level_i/pcie_bridge/pcie_bridge/inst/pcie4c_ip_i/inst/top_level_xdma_0_0_pcie4c_ip_gt_top_i/diablo_gt.diablo_gt_phy_wrapper/gt_wizard.gtwizard_top_i/top_level_xdma_0_0_pcie4c_ip_gt_i/inst/gen_gtwizard_gtye4_top.top_level_xdma_0_0_pcie4c_ip_gt_gtwizard_gtye4_inst/gen_gtwizard_gtye4.gen_common.gen_common_container[27].gen_enabled_common.gtye4_common_wrapper_inst/common_inst/qpll0outclk_out[0]                                                       |             0.2 |
| qpll0outrefclk_out[0]                                                                                                                                                                                                                                                                                                                                                                                                                                                              | top_level_i/pcie_bridge/pcie_bridge/inst/pcie4c_ip_i/inst/top_level_xdma_0_0_pcie4c_ip_gt_top_i/diablo_gt.diablo_gt_phy_wrapper/gt_wizard.gtwizard_top_i/top_level_xdma_0_0_pcie4c_ip_gt_i/inst/gen_gtwizard_gtye4_top.top_level_xdma_0_0_pcie4c_ip_gt_gtwizard_gtye4_inst/gen_gtwizard_gtye4.gen_common.gen_common_container[26].gen_enabled_common.gtye4_common_wrapper_inst/common_inst/qpll0outrefclk_out[0]                                                    |            10.0 |
| qpll0outrefclk_out[0]_1                                                                                                                                                                                                                                                                                                                                                                                                                                                            | top_level_i/pcie_bridge/pcie_bridge/inst/pcie4c_ip_i/inst/top_level_xdma_0_0_pcie4c_ip_gt_top_i/diablo_gt.diablo_gt_phy_wrapper/gt_wizard.gtwizard_top_i/top_level_xdma_0_0_pcie4c_ip_gt_i/inst/gen_gtwizard_gtye4_top.top_level_xdma_0_0_pcie4c_ip_gt_gtwizard_gtye4_inst/gen_gtwizard_gtye4.gen_common.gen_common_container[27].gen_enabled_common.gtye4_common_wrapper_inst/common_inst/qpll0outrefclk_out[0]                                                    |            10.0 |
| qpll1outclk_out[0]                                                                                                                                                                                                                                                                                                                                                                                                                                                                 | top_level_i/pcie_bridge/pcie_bridge/inst/pcie4c_ip_i/inst/top_level_xdma_0_0_pcie4c_ip_gt_top_i/diablo_gt.diablo_gt_phy_wrapper/gt_wizard.gtwizard_top_i/top_level_xdma_0_0_pcie4c_ip_gt_i/inst/gen_gtwizard_gtye4_top.top_level_xdma_0_0_pcie4c_ip_gt_gtwizard_gtye4_inst/gen_gtwizard_gtye4.gen_common.gen_common_container[26].gen_enabled_common.gtye4_common_wrapper_inst/common_inst/qpll1outclk_out[0]                                                       |             0.2 |
| qpll1outclk_out[0]_1                                                                                                                                                                                                                                                                                                                                                                                                                                                               | top_level_i/pcie_bridge/pcie_bridge/inst/pcie4c_ip_i/inst/top_level_xdma_0_0_pcie4c_ip_gt_top_i/diablo_gt.diablo_gt_phy_wrapper/gt_wizard.gtwizard_top_i/top_level_xdma_0_0_pcie4c_ip_gt_i/inst/gen_gtwizard_gtye4_top.top_level_xdma_0_0_pcie4c_ip_gt_gtwizard_gtye4_inst/gen_gtwizard_gtye4.gen_common.gen_common_container[27].gen_enabled_common.gtye4_common_wrapper_inst/common_inst/qpll1outclk_out[0]                                                       |             0.2 |
| qpll1outrefclk_out[0]                                                                                                                                                                                                                                                                                                                                                                                                                                                              | top_level_i/pcie_bridge/pcie_bridge/inst/pcie4c_ip_i/inst/top_level_xdma_0_0_pcie4c_ip_gt_top_i/diablo_gt.diablo_gt_phy_wrapper/gt_wizard.gtwizard_top_i/top_level_xdma_0_0_pcie4c_ip_gt_i/inst/gen_gtwizard_gtye4_top.top_level_xdma_0_0_pcie4c_ip_gt_gtwizard_gtye4_inst/gen_gtwizard_gtye4.gen_common.gen_common_container[26].gen_enabled_common.gtye4_common_wrapper_inst/common_inst/qpll1outrefclk_out[0]                                                    |            10.0 |
| qpll1outrefclk_out[0]_1                                                                                                                                                                                                                                                                                                                                                                                                                                                            | top_level_i/pcie_bridge/pcie_bridge/inst/pcie4c_ip_i/inst/top_level_xdma_0_0_pcie4c_ip_gt_top_i/diablo_gt.diablo_gt_phy_wrapper/gt_wizard.gtwizard_top_i/top_level_xdma_0_0_pcie4c_ip_gt_i/inst/gen_gtwizard_gtye4_top.top_level_xdma_0_0_pcie4c_ip_gt_gtwizard_gtye4_inst/gen_gtwizard_gtye4.gen_common.gen_common_container[27].gen_enabled_common.gtye4_common_wrapper_inst/common_inst/qpll1outrefclk_out[0]                                                    |            10.0 |
| top_level_i/pcie_bridge/pcie_bridge/inst/pcie4c_ip_i/inst/top_level_xdma_0_0_pcie4c_ip_gt_top_i/diablo_gt.diablo_gt_phy_wrapper/gt_wizard.gtwizard_top_i/top_level_xdma_0_0_pcie4c_ip_gt_i/inst/gen_gtwizard_gtye4_top.top_level_xdma_0_0_pcie4c_ip_gt_gtwizard_gtye4_inst/gen_gtwizard_gtye4.gen_cpll_cal_gtye4.gen_cpll_cal_inst[0].gen_inst_cpll_cal.gtwizard_ultrascale_v1_7_19_gtye4_cpll_cal_inst/gtwizard_ultrascale_v1_7_19_gtye4_cpll_cal_tx_i/bufg_gt_txoutclkmon_inst/O | top_level_i/pcie_bridge/pcie_bridge/inst/pcie4c_ip_i/inst/top_level_xdma_0_0_pcie4c_ip_gt_top_i/diablo_gt.diablo_gt_phy_wrapper/gt_wizard.gtwizard_top_i/top_level_xdma_0_0_pcie4c_ip_gt_i/inst/gen_gtwizard_gtye4_top.top_level_xdma_0_0_pcie4c_ip_gt_gtwizard_gtye4_inst/gen_gtwizard_gtye4.gen_cpll_cal_gtye4.gen_cpll_cal_inst[0].gen_inst_cpll_cal.gtwizard_ultrascale_v1_7_19_gtye4_cpll_cal_inst/gtwizard_ultrascale_v1_7_19_gtye4_cpll_cal_tx_i/txoutclkmon |             8.0 |
| top_level_i/pcie_bridge/pcie_bridge/inst/pcie4c_ip_i/inst/top_level_xdma_0_0_pcie4c_ip_gt_top_i/diablo_gt.diablo_gt_phy_wrapper/gt_wizard.gtwizard_top_i/top_level_xdma_0_0_pcie4c_ip_gt_i/inst/gen_gtwizard_gtye4_top.top_level_xdma_0_0_pcie4c_ip_gt_gtwizard_gtye4_inst/gen_gtwizard_gtye4.gen_cpll_cal_gtye4.gen_cpll_cal_inst[1].gen_inst_cpll_cal.gtwizard_ultrascale_v1_7_19_gtye4_cpll_cal_inst/gtwizard_ultrascale_v1_7_19_gtye4_cpll_cal_tx_i/bufg_gt_txoutclkmon_inst/O | top_level_i/pcie_bridge/pcie_bridge/inst/pcie4c_ip_i/inst/top_level_xdma_0_0_pcie4c_ip_gt_top_i/diablo_gt.diablo_gt_phy_wrapper/gt_wizard.gtwizard_top_i/top_level_xdma_0_0_pcie4c_ip_gt_i/inst/gen_gtwizard_gtye4_top.top_level_xdma_0_0_pcie4c_ip_gt_gtwizard_gtye4_inst/gen_gtwizard_gtye4.gen_cpll_cal_gtye4.gen_cpll_cal_inst[1].gen_inst_cpll_cal.gtwizard_ultrascale_v1_7_19_gtye4_cpll_cal_inst/gtwizard_ultrascale_v1_7_19_gtye4_cpll_cal_tx_i/txoutclkmon |             8.0 |
| top_level_i/pcie_bridge/pcie_bridge/inst/pcie4c_ip_i/inst/top_level_xdma_0_0_pcie4c_ip_gt_top_i/diablo_gt.diablo_gt_phy_wrapper/gt_wizard.gtwizard_top_i/top_level_xdma_0_0_pcie4c_ip_gt_i/inst/gen_gtwizard_gtye4_top.top_level_xdma_0_0_pcie4c_ip_gt_gtwizard_gtye4_inst/gen_gtwizard_gtye4.gen_cpll_cal_gtye4.gen_cpll_cal_inst[2].gen_inst_cpll_cal.gtwizard_ultrascale_v1_7_19_gtye4_cpll_cal_inst/gtwizard_ultrascale_v1_7_19_gtye4_cpll_cal_tx_i/bufg_gt_txoutclkmon_inst/O | top_level_i/pcie_bridge/pcie_bridge/inst/pcie4c_ip_i/inst/top_level_xdma_0_0_pcie4c_ip_gt_top_i/diablo_gt.diablo_gt_phy_wrapper/gt_wizard.gtwizard_top_i/top_level_xdma_0_0_pcie4c_ip_gt_i/inst/gen_gtwizard_gtye4_top.top_level_xdma_0_0_pcie4c_ip_gt_gtwizard_gtye4_inst/gen_gtwizard_gtye4.gen_cpll_cal_gtye4.gen_cpll_cal_inst[2].gen_inst_cpll_cal.gtwizard_ultrascale_v1_7_19_gtye4_cpll_cal_inst/gtwizard_ultrascale_v1_7_19_gtye4_cpll_cal_tx_i/txoutclkmon |             8.0 |
| top_level_i/pcie_bridge/pcie_bridge/inst/pcie4c_ip_i/inst/top_level_xdma_0_0_pcie4c_ip_gt_top_i/diablo_gt.diablo_gt_phy_wrapper/gt_wizard.gtwizard_top_i/top_level_xdma_0_0_pcie4c_ip_gt_i/inst/gen_gtwizard_gtye4_top.top_level_xdma_0_0_pcie4c_ip_gt_gtwizard_gtye4_inst/gen_gtwizard_gtye4.gen_cpll_cal_gtye4.gen_cpll_cal_inst[3].gen_inst_cpll_cal.gtwizard_ultrascale_v1_7_19_gtye4_cpll_cal_inst/gtwizard_ultrascale_v1_7_19_gtye4_cpll_cal_tx_i/bufg_gt_txoutclkmon_inst/O | top_level_i/pcie_bridge/pcie_bridge/inst/pcie4c_ip_i/inst/top_level_xdma_0_0_pcie4c_ip_gt_top_i/diablo_gt.diablo_gt_phy_wrapper/gt_wizard.gtwizard_top_i/top_level_xdma_0_0_pcie4c_ip_gt_i/inst/gen_gtwizard_gtye4_top.top_level_xdma_0_0_pcie4c_ip_gt_gtwizard_gtye4_inst/gen_gtwizard_gtye4.gen_cpll_cal_gtye4.gen_cpll_cal_inst[3].gen_inst_cpll_cal.gtwizard_ultrascale_v1_7_19_gtye4_cpll_cal_inst/gtwizard_ultrascale_v1_7_19_gtye4_cpll_cal_tx_i/txoutclkmon |             8.0 |
| top_level_i/pcie_bridge/pcie_bridge/inst/pcie4c_ip_i/inst/top_level_xdma_0_0_pcie4c_ip_gt_top_i/diablo_gt.diablo_gt_phy_wrapper/gt_wizard.gtwizard_top_i/top_level_xdma_0_0_pcie4c_ip_gt_i/inst/gen_gtwizard_gtye4_top.top_level_xdma_0_0_pcie4c_ip_gt_gtwizard_gtye4_inst/gen_gtwizard_gtye4.gen_cpll_cal_gtye4.gen_cpll_cal_inst[4].gen_inst_cpll_cal.gtwizard_ultrascale_v1_7_19_gtye4_cpll_cal_inst/gtwizard_ultrascale_v1_7_19_gtye4_cpll_cal_tx_i/bufg_gt_txoutclkmon_inst/O | top_level_i/pcie_bridge/pcie_bridge/inst/pcie4c_ip_i/inst/top_level_xdma_0_0_pcie4c_ip_gt_top_i/diablo_gt.diablo_gt_phy_wrapper/gt_wizard.gtwizard_top_i/top_level_xdma_0_0_pcie4c_ip_gt_i/inst/gen_gtwizard_gtye4_top.top_level_xdma_0_0_pcie4c_ip_gt_gtwizard_gtye4_inst/gen_gtwizard_gtye4.gen_cpll_cal_gtye4.gen_cpll_cal_inst[4].gen_inst_cpll_cal.gtwizard_ultrascale_v1_7_19_gtye4_cpll_cal_inst/gtwizard_ultrascale_v1_7_19_gtye4_cpll_cal_tx_i/txoutclkmon |             8.0 |
| top_level_i/pcie_bridge/pcie_bridge/inst/pcie4c_ip_i/inst/top_level_xdma_0_0_pcie4c_ip_gt_top_i/diablo_gt.diablo_gt_phy_wrapper/gt_wizard.gtwizard_top_i/top_level_xdma_0_0_pcie4c_ip_gt_i/inst/gen_gtwizard_gtye4_top.top_level_xdma_0_0_pcie4c_ip_gt_gtwizard_gtye4_inst/gen_gtwizard_gtye4.gen_cpll_cal_gtye4.gen_cpll_cal_inst[5].gen_inst_cpll_cal.gtwizard_ultrascale_v1_7_19_gtye4_cpll_cal_inst/gtwizard_ultrascale_v1_7_19_gtye4_cpll_cal_tx_i/bufg_gt_txoutclkmon_inst/O | top_level_i/pcie_bridge/pcie_bridge/inst/pcie4c_ip_i/inst/top_level_xdma_0_0_pcie4c_ip_gt_top_i/diablo_gt.diablo_gt_phy_wrapper/gt_wizard.gtwizard_top_i/top_level_xdma_0_0_pcie4c_ip_gt_i/inst/gen_gtwizard_gtye4_top.top_level_xdma_0_0_pcie4c_ip_gt_gtwizard_gtye4_inst/gen_gtwizard_gtye4.gen_cpll_cal_gtye4.gen_cpll_cal_inst[5].gen_inst_cpll_cal.gtwizard_ultrascale_v1_7_19_gtye4_cpll_cal_inst/gtwizard_ultrascale_v1_7_19_gtye4_cpll_cal_tx_i/txoutclkmon |             8.0 |
| top_level_i/pcie_bridge/pcie_bridge/inst/pcie4c_ip_i/inst/top_level_xdma_0_0_pcie4c_ip_gt_top_i/diablo_gt.diablo_gt_phy_wrapper/gt_wizard.gtwizard_top_i/top_level_xdma_0_0_pcie4c_ip_gt_i/inst/gen_gtwizard_gtye4_top.top_level_xdma_0_0_pcie4c_ip_gt_gtwizard_gtye4_inst/gen_gtwizard_gtye4.gen_cpll_cal_gtye4.gen_cpll_cal_inst[6].gen_inst_cpll_cal.gtwizard_ultrascale_v1_7_19_gtye4_cpll_cal_inst/gtwizard_ultrascale_v1_7_19_gtye4_cpll_cal_tx_i/bufg_gt_txoutclkmon_inst/O | top_level_i/pcie_bridge/pcie_bridge/inst/pcie4c_ip_i/inst/top_level_xdma_0_0_pcie4c_ip_gt_top_i/diablo_gt.diablo_gt_phy_wrapper/gt_wizard.gtwizard_top_i/top_level_xdma_0_0_pcie4c_ip_gt_i/inst/gen_gtwizard_gtye4_top.top_level_xdma_0_0_pcie4c_ip_gt_gtwizard_gtye4_inst/gen_gtwizard_gtye4.gen_cpll_cal_gtye4.gen_cpll_cal_inst[6].gen_inst_cpll_cal.gtwizard_ultrascale_v1_7_19_gtye4_cpll_cal_inst/gtwizard_ultrascale_v1_7_19_gtye4_cpll_cal_tx_i/txoutclkmon |             8.0 |
| top_level_i/pcie_bridge/pcie_bridge/inst/pcie4c_ip_i/inst/top_level_xdma_0_0_pcie4c_ip_gt_top_i/diablo_gt.diablo_gt_phy_wrapper/gt_wizard.gtwizard_top_i/top_level_xdma_0_0_pcie4c_ip_gt_i/inst/gen_gtwizard_gtye4_top.top_level_xdma_0_0_pcie4c_ip_gt_gtwizard_gtye4_inst/gen_gtwizard_gtye4.gen_cpll_cal_gtye4.gen_cpll_cal_inst[7].gen_inst_cpll_cal.gtwizard_ultrascale_v1_7_19_gtye4_cpll_cal_inst/gtwizard_ultrascale_v1_7_19_gtye4_cpll_cal_tx_i/bufg_gt_txoutclkmon_inst/O | top_level_i/pcie_bridge/pcie_bridge/inst/pcie4c_ip_i/inst/top_level_xdma_0_0_pcie4c_ip_gt_top_i/diablo_gt.diablo_gt_phy_wrapper/gt_wizard.gtwizard_top_i/top_level_xdma_0_0_pcie4c_ip_gt_i/inst/gen_gtwizard_gtye4_top.top_level_xdma_0_0_pcie4c_ip_gt_gtwizard_gtye4_inst/gen_gtwizard_gtye4.gen_cpll_cal_gtye4.gen_cpll_cal_inst[7].gen_inst_cpll_cal.gtwizard_ultrascale_v1_7_19_gtye4_cpll_cal_inst/gtwizard_ultrascale_v1_7_19_gtye4_cpll_cal_tx_i/txoutclkmon |             8.0 |
| top_level_i/pcie_bridge/pcie_bridge/inst/pcie4c_ip_i/inst/top_level_xdma_0_0_pcie4c_ip_gt_top_i/diablo_gt.diablo_gt_phy_wrapper/phy_clk_i/bufg_gt_intclk/O                                                                                                                                                                                                                                                                                                                         | top_level_i/pcie_bridge/pcie_bridge/inst/pcie4c_ip_i/inst/top_level_xdma_0_0_pcie4c_ip_gt_top_i/diablo_gt.diablo_gt_phy_wrapper/phy_clk_i/CLK_INTCLK                                                                                                                                                                                                                                                                                                                |          1000.0 |
| top_level_xdma_0_0_pcie4c_ip_gt_top_i_n_596                                                                                                                                                                                                                                                                                                                                                                                                                                        | top_level_i/pcie_bridge/pcie_bridge/inst/pcie4c_ip_i/inst/top_level_xdma_0_0_pcie4c_ip_gt_top_i/diablo_gt.diablo_gt_phy_wrapper/phy_clk_i/CLK_MCAPCLK                                                                                                                                                                                                                                                                                                               |             8.0 |
+------------------------------------------------------------------------------------------------------------------------------------------------------------------------------------------------------------------------------------------------------------------------------------------------------------------------------------------------------------------------------------------------------------------------------------------------------------------------------------+---------------------------------------------------------------------------------------------------------------------------------------------------------------------------------------------------------------------------------------------------------------------------------------------------------------------------------------------------------------------------------------------------------------------------------------------------------------------+-----------------+


3. Detailed Reports
-------------------

3.1 By Hierarchy
----------------

+--------------------+-----------+
| Name               | Power (W) |
+--------------------+-----------+
| top_level_wrapper  |     5.166 |
|   top_level_i      |     5.165 |
|     axil_slave     |     0.002 |
|       inst         |     0.002 |
|     pcie_bridge    |     5.148 |
|       clock_buffer |     0.006 |
|       pcie_bridge  |     5.143 |
|     smartconnect   |     0.015 |
|       inst         |     0.015 |
+--------------------+-----------+


