Copyright 1986-2022 Xilinx, Inc. All Rights Reserved. Copyright 2022-2024 Advanced Micro Devices, Inc. All Rights Reserved.
-----------------------------------------------------------------------------------------------------------------------------------------------------------------------------------------
| Tool Version : Vivado v.2024.2 (lin64) Build 5239630 Fri Nov 08 22:34:34 MST 2024
| Date         : Thu Apr 17 11:35:43 2025
| Host         : wolf-super-server running 64-bit Ubuntu 20.04.6 LTS
| Command      : report_methodology -file top_level_wrapper_methodology_drc_routed.rpt -pb top_level_wrapper_methodology_drc_routed.pb -rpx top_level_wrapper_methodology_drc_routed.rpx
| Design       : top_level_wrapper
| Device       : xcu55c-fsvh2892-2L-e
| Speed File   : -2L
| Design State : Fully Routed
-----------------------------------------------------------------------------------------------------------------------------------------------------------------------------------------

Report Methodology

Table of Contents
-----------------
1. REPORT SUMMARY
2. REPORT DETAILS

1. REPORT SUMMARY
-----------------
            Netlist: netlist
          Floorplan: design_1
      Design limits: <entire design considered>
             Max checks: <unlimited>
             Checks found: 11
+-----------+------------------+-------------------------------------------------------------------------------------+--------+
| Rule      | Severity         | Description                                                                         | Checks |
+-----------+------------------+-------------------------------------------------------------------------------------+--------+
| TIMING-7  | Critical Warning | No common node between related clocks                                               | 1      |
| TIMING-54 | Critical Warning | Scoped false path, clock group or max delay datapath only constraint between clocks | 1      |
| LUTAR-1   | Warning          | LUT drives async reset alert                                                        | 7      |
| TIMING-9  | Warning          | Unknown CDC Logic                                                                   | 1      |
| TIMING-18 | Warning          | Missing input or output delay                                                       | 1      |
+-----------+------------------+-------------------------------------------------------------------------------------+--------+

2. REPORT DETAILS
-----------------
TIMING-7#1 Critical Warning
No common node between related clocks  
The clocks pcie0_sys_clk and pipe_clk are related (timed together) but they have no common node. The design could fail in hardware. To find a timing path between these clocks, run the following command: report_timing -from [get_clocks pcie0_sys_clk] -to [get_clocks pipe_clk]
Related violations: <none>

TIMING-54#1 Critical Warning
Scoped false path, clock group or max delay datapath only constraint between clocks  
A scoped Clock Group timing constraint is set between clocks pcie0_sys_clk and top_level_i/pcie_bridge/pcie_bridge/inst/pcie4c_ip_i/inst/top_level_xdma_0_0_pcie4c_ip_gt_top_i/diablo_gt.diablo_gt_phy_wrapper/phy_clk_i/bufg_gt_intclk/O (see constraint position 93 in the Timing Constraint window in Vivado IDE). It is not recommended to define such scoped constraints between clocks as the constraint impacts timing paths outside of the scope.
Related violations: <none>

LUTAR-1#1 Warning
LUT drives async reset alert  
LUT cell top_level_i/pcie_bridge/pcie_bridge/inst/pcie4c_ip_i/inst/top_level_xdma_0_0_pcie4c_ip_gt_top_i/diablo_gt.diablo_gt_phy_wrapper/gt_wizard.gtwizard_top_i/intclk_rrst_n_r[4]_i_1, with 2 or more inputs, drives asynchronous preset/clear pin(s) top_level_i/pcie_bridge/pcie_bridge/inst/pcie4c_ip_i/inst/top_level_xdma_0_0_pcie4c_ip_gt_top_i/diablo_gt.diablo_gt_phy_wrapper/phy_rst_i/intclk_rrst_n_r_reg[0]/CLR,
top_level_i/pcie_bridge/pcie_bridge/inst/pcie4c_ip_i/inst/top_level_xdma_0_0_pcie4c_ip_gt_top_i/diablo_gt.diablo_gt_phy_wrapper/phy_rst_i/intclk_rrst_n_r_reg[1]/CLR,
top_level_i/pcie_bridge/pcie_bridge/inst/pcie4c_ip_i/inst/top_level_xdma_0_0_pcie4c_ip_gt_top_i/diablo_gt.diablo_gt_phy_wrapper/phy_rst_i/intclk_rrst_n_r_reg[2]/CLR,
top_level_i/pcie_bridge/pcie_bridge/inst/pcie4c_ip_i/inst/top_level_xdma_0_0_pcie4c_ip_gt_top_i/diablo_gt.diablo_gt_phy_wrapper/phy_rst_i/intclk_rrst_n_r_reg[3]/CLR
top_level_i/pcie_bridge/pcie_bridge/inst/pcie4c_ip_i/inst/top_level_xdma_0_0_pcie4c_ip_gt_top_i/diablo_gt.diablo_gt_phy_wrapper/phy_rst_i/intclk_rrst_n_r_reg[4]/CLR. The LUT may glitch and trigger an unexpected reset, even if it is a properly timed path.
Related violations: <none>

LUTAR-1#2 Warning
LUT drives async reset alert  
LUT cell top_level_i/pcie_bridge/pcie_bridge/inst/pcie4c_ip_i/inst/top_level_xdma_0_0_pcie4c_ip_gt_top_i/diablo_gt.diablo_gt_phy_wrapper/gt_wizard.gtwizard_top_i/top_level_xdma_0_0_pcie4c_ip_gt_i/inst/gen_gtwizard_gtye4_top.top_level_xdma_0_0_pcie4c_ip_gt_gtwizard_gtye4_inst/gen_gtwizard_gtye4.gen_cpll_cal_gtye4.gen_cpll_cal_inst[7].gen_inst_cpll_cal.gtwizard_ultrascale_v1_7_19_gtye4_cpll_cal_inst/reset_synchronizer_resetin_tx_inst/rst_in_meta_i_1, with 2 or more inputs, drives asynchronous preset/clear pin(s) top_level_i/pcie_bridge/pcie_bridge/inst/pcie4c_ip_i/inst/top_level_xdma_0_0_pcie4c_ip_gt_top_i/diablo_gt.diablo_gt_phy_wrapper/gt_wizard.gtwizard_top_i/top_level_xdma_0_0_pcie4c_ip_gt_i/inst/gen_gtwizard_gtye4_top.top_level_xdma_0_0_pcie4c_ip_gt_gtwizard_gtye4_inst/gen_gtwizard_gtye4.gen_cpll_cal_gtye4.gen_cpll_cal_inst[5].gen_inst_cpll_cal.gtwizard_ultrascale_v1_7_19_gtye4_cpll_cal_inst/reset_synchronizer_resetin_tx_inst/rst_in_meta_reg/PRE,
top_level_i/pcie_bridge/pcie_bridge/inst/pcie4c_ip_i/inst/top_level_xdma_0_0_pcie4c_ip_gt_top_i/diablo_gt.diablo_gt_phy_wrapper/gt_wizard.gtwizard_top_i/top_level_xdma_0_0_pcie4c_ip_gt_i/inst/gen_gtwizard_gtye4_top.top_level_xdma_0_0_pcie4c_ip_gt_gtwizard_gtye4_inst/gen_gtwizard_gtye4.gen_cpll_cal_gtye4.gen_cpll_cal_inst[5].gen_inst_cpll_cal.gtwizard_ultrascale_v1_7_19_gtye4_cpll_cal_inst/reset_synchronizer_resetin_tx_inst/rst_in_out_reg/PRE,
top_level_i/pcie_bridge/pcie_bridge/inst/pcie4c_ip_i/inst/top_level_xdma_0_0_pcie4c_ip_gt_top_i/diablo_gt.diablo_gt_phy_wrapper/gt_wizard.gtwizard_top_i/top_level_xdma_0_0_pcie4c_ip_gt_i/inst/gen_gtwizard_gtye4_top.top_level_xdma_0_0_pcie4c_ip_gt_gtwizard_gtye4_inst/gen_gtwizard_gtye4.gen_cpll_cal_gtye4.gen_cpll_cal_inst[5].gen_inst_cpll_cal.gtwizard_ultrascale_v1_7_19_gtye4_cpll_cal_inst/reset_synchronizer_resetin_tx_inst/rst_in_sync1_reg/PRE,
top_level_i/pcie_bridge/pcie_bridge/inst/pcie4c_ip_i/inst/top_level_xdma_0_0_pcie4c_ip_gt_top_i/diablo_gt.diablo_gt_phy_wrapper/gt_wizard.gtwizard_top_i/top_level_xdma_0_0_pcie4c_ip_gt_i/inst/gen_gtwizard_gtye4_top.top_level_xdma_0_0_pcie4c_ip_gt_gtwizard_gtye4_inst/gen_gtwizard_gtye4.gen_cpll_cal_gtye4.gen_cpll_cal_inst[5].gen_inst_cpll_cal.gtwizard_ultrascale_v1_7_19_gtye4_cpll_cal_inst/reset_synchronizer_resetin_tx_inst/rst_in_sync2_reg/PRE,
top_level_i/pcie_bridge/pcie_bridge/inst/pcie4c_ip_i/inst/top_level_xdma_0_0_pcie4c_ip_gt_top_i/diablo_gt.diablo_gt_phy_wrapper/gt_wizard.gtwizard_top_i/top_level_xdma_0_0_pcie4c_ip_gt_i/inst/gen_gtwizard_gtye4_top.top_level_xdma_0_0_pcie4c_ip_gt_gtwizard_gtye4_inst/gen_gtwizard_gtye4.gen_cpll_cal_gtye4.gen_cpll_cal_inst[5].gen_inst_cpll_cal.gtwizard_ultrascale_v1_7_19_gtye4_cpll_cal_inst/reset_synchronizer_resetin_tx_inst/rst_in_sync3_reg/PRE,
top_level_i/pcie_bridge/pcie_bridge/inst/pcie4c_ip_i/inst/top_level_xdma_0_0_pcie4c_ip_gt_top_i/diablo_gt.diablo_gt_phy_wrapper/gt_wizard.gtwizard_top_i/top_level_xdma_0_0_pcie4c_ip_gt_i/inst/gen_gtwizard_gtye4_top.top_level_xdma_0_0_pcie4c_ip_gt_gtwizard_gtye4_inst/gen_gtwizard_gtye4.gen_cpll_cal_gtye4.gen_cpll_cal_inst[6].gen_inst_cpll_cal.gtwizard_ultrascale_v1_7_19_gtye4_cpll_cal_inst/reset_synchronizer_resetin_tx_inst/rst_in_meta_reg/PRE,
top_level_i/pcie_bridge/pcie_bridge/inst/pcie4c_ip_i/inst/top_level_xdma_0_0_pcie4c_ip_gt_top_i/diablo_gt.diablo_gt_phy_wrapper/gt_wizard.gtwizard_top_i/top_level_xdma_0_0_pcie4c_ip_gt_i/inst/gen_gtwizard_gtye4_top.top_level_xdma_0_0_pcie4c_ip_gt_gtwizard_gtye4_inst/gen_gtwizard_gtye4.gen_cpll_cal_gtye4.gen_cpll_cal_inst[6].gen_inst_cpll_cal.gtwizard_ultrascale_v1_7_19_gtye4_cpll_cal_inst/reset_synchronizer_resetin_tx_inst/rst_in_out_reg/PRE,
top_level_i/pcie_bridge/pcie_bridge/inst/pcie4c_ip_i/inst/top_level_xdma_0_0_pcie4c_ip_gt_top_i/diablo_gt.diablo_gt_phy_wrapper/gt_wizard.gtwizard_top_i/top_level_xdma_0_0_pcie4c_ip_gt_i/inst/gen_gtwizard_gtye4_top.top_level_xdma_0_0_pcie4c_ip_gt_gtwizard_gtye4_inst/gen_gtwizard_gtye4.gen_cpll_cal_gtye4.gen_cpll_cal_inst[6].gen_inst_cpll_cal.gtwizard_ultrascale_v1_7_19_gtye4_cpll_cal_inst/reset_synchronizer_resetin_tx_inst/rst_in_sync1_reg/PRE,
top_level_i/pcie_bridge/pcie_bridge/inst/pcie4c_ip_i/inst/top_level_xdma_0_0_pcie4c_ip_gt_top_i/diablo_gt.diablo_gt_phy_wrapper/gt_wizard.gtwizard_top_i/top_level_xdma_0_0_pcie4c_ip_gt_i/inst/gen_gtwizard_gtye4_top.top_level_xdma_0_0_pcie4c_ip_gt_gtwizard_gtye4_inst/gen_gtwizard_gtye4.gen_cpll_cal_gtye4.gen_cpll_cal_inst[6].gen_inst_cpll_cal.gtwizard_ultrascale_v1_7_19_gtye4_cpll_cal_inst/reset_synchronizer_resetin_tx_inst/rst_in_sync2_reg/PRE,
top_level_i/pcie_bridge/pcie_bridge/inst/pcie4c_ip_i/inst/top_level_xdma_0_0_pcie4c_ip_gt_top_i/diablo_gt.diablo_gt_phy_wrapper/gt_wizard.gtwizard_top_i/top_level_xdma_0_0_pcie4c_ip_gt_i/inst/gen_gtwizard_gtye4_top.top_level_xdma_0_0_pcie4c_ip_gt_gtwizard_gtye4_inst/gen_gtwizard_gtye4.gen_cpll_cal_gtye4.gen_cpll_cal_inst[6].gen_inst_cpll_cal.gtwizard_ultrascale_v1_7_19_gtye4_cpll_cal_inst/reset_synchronizer_resetin_tx_inst/rst_in_sync3_reg/PRE,
top_level_i/pcie_bridge/pcie_bridge/inst/pcie4c_ip_i/inst/top_level_xdma_0_0_pcie4c_ip_gt_top_i/diablo_gt.diablo_gt_phy_wrapper/gt_wizard.gtwizard_top_i/top_level_xdma_0_0_pcie4c_ip_gt_i/inst/gen_gtwizard_gtye4_top.top_level_xdma_0_0_pcie4c_ip_gt_gtwizard_gtye4_inst/gen_gtwizard_gtye4.gen_cpll_cal_gtye4.gen_cpll_cal_inst[7].gen_inst_cpll_cal.gtwizard_ultrascale_v1_7_19_gtye4_cpll_cal_inst/reset_synchronizer_resetin_tx_inst/rst_in_meta_reg/PRE,
top_level_i/pcie_bridge/pcie_bridge/inst/pcie4c_ip_i/inst/top_level_xdma_0_0_pcie4c_ip_gt_top_i/diablo_gt.diablo_gt_phy_wrapper/gt_wizard.gtwizard_top_i/top_level_xdma_0_0_pcie4c_ip_gt_i/inst/gen_gtwizard_gtye4_top.top_level_xdma_0_0_pcie4c_ip_gt_gtwizard_gtye4_inst/gen_gtwizard_gtye4.gen_cpll_cal_gtye4.gen_cpll_cal_inst[7].gen_inst_cpll_cal.gtwizard_ultrascale_v1_7_19_gtye4_cpll_cal_inst/reset_synchronizer_resetin_tx_inst/rst_in_out_reg/PRE,
top_level_i/pcie_bridge/pcie_bridge/inst/pcie4c_ip_i/inst/top_level_xdma_0_0_pcie4c_ip_gt_top_i/diablo_gt.diablo_gt_phy_wrapper/gt_wizard.gtwizard_top_i/top_level_xdma_0_0_pcie4c_ip_gt_i/inst/gen_gtwizard_gtye4_top.top_level_xdma_0_0_pcie4c_ip_gt_gtwizard_gtye4_inst/gen_gtwizard_gtye4.gen_cpll_cal_gtye4.gen_cpll_cal_inst[7].gen_inst_cpll_cal.gtwizard_ultrascale_v1_7_19_gtye4_cpll_cal_inst/reset_synchronizer_resetin_tx_inst/rst_in_sync1_reg/PRE,
top_level_i/pcie_bridge/pcie_bridge/inst/pcie4c_ip_i/inst/top_level_xdma_0_0_pcie4c_ip_gt_top_i/diablo_gt.diablo_gt_phy_wrapper/gt_wizard.gtwizard_top_i/top_level_xdma_0_0_pcie4c_ip_gt_i/inst/gen_gtwizard_gtye4_top.top_level_xdma_0_0_pcie4c_ip_gt_gtwizard_gtye4_inst/gen_gtwizard_gtye4.gen_cpll_cal_gtye4.gen_cpll_cal_inst[7].gen_inst_cpll_cal.gtwizard_ultrascale_v1_7_19_gtye4_cpll_cal_inst/reset_synchronizer_resetin_tx_inst/rst_in_sync2_reg/PRE,
top_level_i/pcie_bridge/pcie_bridge/inst/pcie4c_ip_i/inst/top_level_xdma_0_0_pcie4c_ip_gt_top_i/diablo_gt.diablo_gt_phy_wrapper/gt_wizard.gtwizard_top_i/top_level_xdma_0_0_pcie4c_ip_gt_i/inst/gen_gtwizard_gtye4_top.top_level_xdma_0_0_pcie4c_ip_gt_gtwizard_gtye4_inst/gen_gtwizard_gtye4.gen_cpll_cal_gtye4.gen_cpll_cal_inst[7].gen_inst_cpll_cal.gtwizard_ultrascale_v1_7_19_gtye4_cpll_cal_inst/reset_synchronizer_resetin_tx_inst/rst_in_sync3_reg/PRE
 (the first 15 of 40 listed). The LUT may glitch and trigger an unexpected reset, even if it is a properly timed path.
Related violations: <none>

LUTAR-1#3 Warning
LUT drives async reset alert  
LUT cell top_level_i/pcie_bridge/pcie_bridge/inst/pcie4c_ip_i/inst/top_level_xdma_0_0_pcie4c_ip_gt_top_i/diablo_gt.diablo_gt_phy_wrapper/phy_rst_i/bufg_gt_userclk_i_1, with 2 or more inputs, drives asynchronous preset/clear pin(s) top_level_i/pcie_bridge/pcie_bridge/inst/pcie4c_ip_i/inst/top_level_xdma_0_0_pcie4c_ip_gt_top_i/diablo_gt.diablo_gt_phy_wrapper/gt_wizard.gtwizard_top_i/top_level_xdma_0_0_pcie4c_ip_gt_i/inst/gen_gtwizard_gtye4_top.top_level_xdma_0_0_pcie4c_ip_gt_gtwizard_gtye4_inst/gen_gtwizard_gtye4.gen_channel_container[27].gen_enabled_channel.gtye4_channel_wrapper_inst/channel_inst/BUFG_GT_SYNC_3/CLR. The LUT may glitch and trigger an unexpected reset, even if it is a properly timed path.
Related violations: <none>

LUTAR-1#4 Warning
LUT drives async reset alert  
LUT cell top_level_i/pcie_bridge/pcie_bridge/inst/pcie4c_ip_i/inst/top_level_xdma_0_0_pcie4c_ip_pcie_4_0_pipe_inst/sys_or_hot_rst_pclk_inst_i_1, with 2 or more inputs, drives asynchronous preset/clear pin(s) top_level_i/pcie_bridge/pcie_bridge/inst/pcie4c_ip_i/inst/sys_or_hot_rst_pclk_inst/arststages_ff_reg[0]/PRE,
top_level_i/pcie_bridge/pcie_bridge/inst/pcie4c_ip_i/inst/sys_or_hot_rst_pclk_inst/arststages_ff_reg[1]/PRE,
top_level_i/pcie_bridge/pcie_bridge/inst/pcie4c_ip_i/inst/sys_or_hot_rst_uclk_inst/arststages_ff_reg[0]/PRE
top_level_i/pcie_bridge/pcie_bridge/inst/pcie4c_ip_i/inst/sys_or_hot_rst_uclk_inst/arststages_ff_reg[1]/PRE. The LUT may glitch and trigger an unexpected reset, even if it is a properly timed path.
Related violations: <none>

LUTAR-1#5 Warning
LUT drives async reset alert  
LUT cell top_level_i/pcie_bridge/pcie_bridge/inst/pcie4c_ip_i/inst/top_level_xdma_0_0_pcie4c_ip_pcie_4_0_pipe_inst/user_lnk_up_cdc_i_1, with 2 or more inputs, drives asynchronous preset/clear pin(s) top_level_i/pcie_bridge/pcie_bridge/inst/pcie4c_ip_i/inst/user_lnk_up_cdc/arststages_ff_reg[0]/CLR
top_level_i/pcie_bridge/pcie_bridge/inst/pcie4c_ip_i/inst/user_lnk_up_cdc/arststages_ff_reg[1]/CLR. The LUT may glitch and trigger an unexpected reset, even if it is a properly timed path.
Related violations: <none>

LUTAR-1#6 Warning
LUT drives async reset alert  
LUT cell top_level_i/pcie_bridge/pcie_bridge/inst/pcie4c_ip_i/inst/top_level_xdma_0_0_pcie4c_ip_pcie_4_0_pipe_inst/user_lnk_up_i_1, with 2 or more inputs, drives asynchronous preset/clear pin(s) top_level_i/pcie_bridge/pcie_bridge/inst/pcie4c_ip_i/inst/user_lnk_up_reg/CLR. The LUT may glitch and trigger an unexpected reset, even if it is a properly timed path.
Related violations: <none>

LUTAR-1#7 Warning
LUT drives async reset alert  
LUT cell top_level_i/pcie_bridge/pcie_bridge/inst/pcie4c_ip_i/inst/top_level_xdma_0_0_pcie4c_ip_pcie_4_0_pipe_inst/user_reset_cdc_i_1, with 2 or more inputs, drives asynchronous preset/clear pin(s) top_level_i/pcie_bridge/pcie_bridge/inst/pcie4c_ip_i/inst/user_reset_cdc/arststages_ff_reg[0]/PRE,
top_level_i/pcie_bridge/pcie_bridge/inst/pcie4c_ip_i/inst/user_reset_cdc/arststages_ff_reg[1]/PRE
top_level_i/pcie_bridge/pcie_bridge/inst/pcie4c_ip_i/inst/user_reset_reg/PRE. The LUT may glitch and trigger an unexpected reset, even if it is a properly timed path.
Related violations: <none>

TIMING-9#1 Warning
Unknown CDC Logic  
One or more asynchronous Clock Domain Crossing has been detected between 2 clock domains through a set_false_path or a set_clock_groups or set_max_delay -datapath_only constraint but no double-registers logic synchronizer has been found on the side of the capture clock. It is recommended to run report_cdc for a complete and detailed CDC coverage. Please consider using XPM_CDC to avoid Critical severities
Related violations: <none>

TIMING-18#1 Warning
Missing input or output delay  
An input delay is missing on pcie_perst_l relative to the rising and/or falling clock edge(s) of pcie0_sys_clk.
Related violations: <none>


